<?xml version="1.0" encoding="UTF-8"?>
<robot generator="Robot 4.1.3 (Python 3.9.13 on win32)" generated="20220525 09:43:53.606" rpa="false" schemaversion="2">
<suite id="s1" name="testApibooks" source="C:\Users\Jaime\Documents\RobotFramework\APIRobot\Teste-API_RobotFramework\testApibooks.robot">
<kw name="Conectar a minha API" library="ResourceAPI" type="SETUP">
<kw name="Create Session" library="RequestsLibrary">
<arg>FakeAPI</arg>
<arg>${URL_API}</arg>
<doc>Create Session: create a HTTP session to a server</doc>
<msg timestamp="20220525 09:43:54.544" level="INFO">Creating Session using : alias=FakeAPI, url=https://fakerestapi.azurewebsites.net/api/v1, headers={},                     cookies={}, auth=None, timeout=None, proxies=None, verify=False,                     debug=0 </msg>
<status status="PASS" starttime="20220525 09:43:54.544" endtime="20220525 09:43:54.552"/>
</kw>
<status status="PASS" starttime="20220525 09:43:54.544" endtime="20220525 09:43:54.552"/>
</kw>
<test id="s1-t1" name="Buscar a listagem de todos os livros">
<kw name="Requisitar todos os livros" library="ResourceAPI">
<kw name="GET On Session" library="RequestsLibrary">
<var>${RESPOSTA}</var>
<arg>FakeAPI</arg>
<arg>/Books</arg>
<doc>Sends a GET request on a previously created HTTP Session.</doc>
<msg timestamp="20220525 09:44:02.991" level="INFO">GET Request : url=https://fakerestapi.azurewebsites.net/api/v1/Books 
 path_url=/api/v1/Books 
 headers={'User-Agent': 'python-requests/2.27.1', 'Accept-Encoding': 'gzip, deflate', 'Accept': '*/*', 'Connection': 'keep-alive'} 
 body=None 
 </msg>
<msg timestamp="20220525 09:44:02.991" level="INFO">GET Response : url=https://fakerestapi.azurewebsites.net/api/v1/Books 
 status=200, reason=OK 
 headers={'Transfer-Encoding': 'chunked', 'Content-Type': 'application/json; charset=utf-8; v=1.0', 'Server': 'Kestrel', 'api-supported-versions': '1.0', 'Date': 'Wed, 25 May 2022 12:43:56 GMT'} 
 body=[{"id":1,"title":"Book 1","description":"At lorem elitr ut eos et magna eos lorem possim clita sed nulla duis. Vel eirmod est dolore invidunt nisl est vero invidunt ipsum consectetuer. Elitr et eos sit diam et amet ut euismod sadipscing ipsum velit lorem ipsum consectetuer diam. Duis nihil volutpat sed velit invidunt et sanctus sanctus ipsum tincidunt veniam dolore vel ipsum amet nihil. Sed diam et nibh vero clita te nonumy lorem sit ut voluptua sed consetetur eirmod sed dolor autem velit. Sanctus accusam ipsum feugiat et vero. Tempor no commodo stet amet dolore feugiat diam at ex et eos justo sed. Lobortis sanctus ea suscipit justo dolor sed sit eirmod no amet sit in et. Diam diam amet kasd ea justo dignissim vero augue takimata in doming.\n","pageCount":100,"excerpt":"Rebum vulputate tempor et. Eirmod iusto est elitr diam diam stet nonumy ut nisl vero. Luptatum ipsum voluptua ut. Imperdiet magna justo et diam illum lorem. Aliquyam tincidunt dolor labore et eos consetetur sed aliquyam sadipscing magna ad diam stet stet iriure. Tempor lorem in ut eirmod blandit no ipsum ut ipsum vel adipiscing dolor. Diam duo liber blandit. Invidunt elitr tempor et accusam rebum luptatum dolor sadipscing diam et. Sea sit diam erat dolor in invidunt vel sit sit. Amet gubergren velit erat labore vero. Gubergren dolore iriure clita erat lorem vero sit erat. Ipsum ipsum exerci diam. Takimata sed kasd doming ut. Dolor clita vulputate et vero consequat sea magna sea clita.\nEuismod takimata et. Consectetuer dignissim duo sit aliquyam soluta. Diam et tincidunt no ea veniam. Sea eum rebum takimata vel elitr dolor. Et accusam nulla at eos accusam duo qui dolores at vero mazim hendrerit aliquyam tempor suscipit praesent qui.\nDolores et sit dolor feugiat sea magna vero sea adipiscing in facer sit. Sadipscing blandit accumsan ut invidunt volutpat sed sit no iriure accumsan. Et ut clita sed dolor sadipscing euismod sadipscing sed eu eleifend. Eirmod voluptua aliquip et dolore magna elitr est in sit duis aliquyam et eu clita tempor.\nEos dolor autem ipsum dolores consetetur dolore suscipit tation elitr magna sit no consequat. Nonumy vel dolore diam et accusam gubergren ipsum sed sed duo. Justo voluptua takimata clita. Ut invidunt voluptua ea dignissim in eirmod voluptua lorem facilisis hendrerit sit magna diam invidunt aliquip clita stet duis.\nInvidunt aliquyam et hendrerit et enim at. Blandit eu nonumy et ipsum dolore. Amet nulla elitr voluptua diam dolor. Dolores magna aliquip et diam gubergren lorem dolor dolor lobortis aliquip magna eirmod lorem ut quis. Aliquyam sea augue sit magna et praesent no zzril congue labore duo augue diam takimata exerci consequat ea. Nonumy aliquyam eirmod amet suscipit dolor amet duo diam velit voluptua.\n","publishDate":"2022-05-24T12:43:56.5428252+00:00"},{"id":2,"title":"Book 2","description":"Dolor esse sed magna gubergren ipsum suscipit. Ex aliquyam illum rebum eos justo dolores nisl qui nulla voluptua erat aliquyam. Ea stet rebum ut. Sed takimata et dolores in.\n","pageCount":200,"excerpt":"Ex est lorem amet dolor dolor erat. Tempor clita accumsan stet nibh kasd nihil sit. Amet consetetur accusam justo lorem option. Sed stet accusam sit invidunt voluptua tation magna. Consetetur kasd adipiscing suscipit. Dolor invidunt kasd nihil rebum laoreet erat takimata amet erat lorem sadipscing dolor eu lorem suscipit. Ipsum consetetur sadipscing vel sit enim ut at et consetetur feugait et sanctus facilisis duis elitr invidunt sea nonumy. Stet lorem est quis sit diam elitr minim labore vel stet consetetur at rebum.\nSed sanctus nulla rebum aliquyam feugait takimata ex iriure stet sanctus consequat lorem dolor ut voluptua tempor. Illum lorem nonumy lorem ipsum ipsum at voluptua diam aliquip autem accusam. Gubergren duis dolor eirmod elitr feugait duis et justo sed elitr elitr justo lorem autem lorem. Ea eirmod molestie at dolor nulla. Eirmod tation sit sea aliquam accusam rebum. Eros sea sea esse amet qui iriure diam dolor stet sed no sed volutpat et esse tempor duo accumsan. Facilisis kasd dolor duo id iriure wisi in nonumy ipsum sed amet. Accumsan dolor sadipscing facilisis sed ut clita in praesent ut sanctus eros luptatum lorem duis lobortis nonummy stet dolore.\nSed ad erat suscipit labore aliquyam ut duis lorem erat. Augue sea sed diam vero justo dolore sanctus dolore in aliquyam sea clita ea invidunt et. Kasd diam nonumy aliquyam sadipscing dolor dolor amet est erat ut. Ipsum consetetur aliquyam facilisi diam amet consequat dolore lorem kasd kasd justo et accumsan et ea eos. Erat lobortis sed duis duo esse accusam eirmod justo ea augue vero. Gubergren et ut et ipsum eirmod sanctus. Ipsum dolore invidunt voluptua iriure sed amet et justo justo ipsum ea. Zzril elitr diam nihil gubergren accusam elitr. Accusam dolore volutpat eros sit sit. Sed lorem amet voluptua nonummy est lobortis gubergren amet diam ipsum nobis takimata amet clita sit lorem.\nUt amet ullamcorper kasd dolore consequat no quis. Odio est et suscipit amet labore gubergren diam sed eu vel eirmod eos sed. Clita lorem dolor dolor. Nostrud illum dolores minim. Justo eirmod sed eum vel rebum et tincidunt elitr et consequat ex kasd velit. Eirmod ipsum no dolores facilisi accusam dolor diam takimata doming. Nostrud amet in ut wisi dolore elitr vero tempor invidunt no aliquyam lobortis. Dolores accusam facilisis et feugiat sed accusam takimata accusam eos tempor sanctus at magna sit duo gubergren takimata. Clita kasd dolores tation duo sed dolore ullamcorper lorem amet eos eos invidunt minim ea vero. Gubergren magna ipsum quis rebum et et magna nisl stet sanctus molestie amet diam elit ipsum hendrerit illum. Consetetur eum amet vulputate nostrud rebum rebum justo sed clita et dolores in ipsum justo sed euismod rebum rebum. Feugait aliquam sadipscing amet et ipsum stet sit cum consetetur minim et elitr.\nDolore at ipsum liber voluptua diam lorem vel ut consetetur dolores dolore te suscipit dolor. Gubergren ex et dolor voluptua sanctus tation et. Eirmod illum est tempor invidunt et et rebum amet rebum rebum tincidunt feugait et gubergren dolore. No sit soluta aliquyam ea rebum hendrerit blandit vero et est. Consetetur accumsan et takimata diam sed sadipscing tempor et.\n","publishDate":"2022-05-23T12:43:56.5428849+00:00"},{"id":3,"title":"Book 3","description":"Clita invidunt velit nulla rebum sit veniam augue labore kasd aliquam feugait. Sanctus sit et at volutpat sed dolore elitr kasd rebum magna et erat kasd dolores invidunt ut. Eos exerci sanctus diam autem takimata diam vel vero tempor ut sit et. Possim gubergren aliquyam eos diam sit iriure lorem duis ipsum accusam sea et diam aliquyam voluptua. Dolor vero justo exerci erat. Nam dolore justo sea et elitr aliquyam aliquip duo exerci lorem ex te et amet duis dolor. Gubergren iriure suscipit takimata nonumy diam ipsum amet sed rebum lobortis. Voluptua iriure nulla nonummy ipsum elitr ipsum te sanctus elitr in sea elitr clita amet sed ut. Placerat consetetur duo eirmod sed dignissim. Ipsum sed aliquyam in lorem consetetur et sed at lorem zzril ea dolore aliquyam est accusam soluta. Sadipscing tempor sed voluptua nibh at gubergren dolor magna tation clita vero dolor lorem et et quod dolores elit.\n","pageCount":300,"excerpt":"Vero feugiat gubergren ullamcorper aliquip sed eirmod accusam diam amet. Ut sanctus amet accusam doming ullamcorper hendrerit nostrud invidunt magna feugait dolore sit aliquam accusam. Vel exerci aliquip sea eos amet. Dolor eos gubergren elitr consequat option no dolor. Voluptua lorem sit congue dolore stet. Ullamcorper rebum nisl justo magna diam. Duo illum gubergren labore rebum clita diam ipsum dolore diam lorem dolore. Sanctus consequat labore lorem. Dolor wisi no. Duo nulla clita vero no kasd at dolore justo nisl sanctus at sed aliquyam erat sadipscing. Dolore vero nonummy ea. Elit ea lorem diam elitr ipsum rebum est accumsan consequat erat. Consectetuer diam ipsum erat sea sit duo gubergren consetetur lorem sanctus diam. Commodo vero sadipscing. Cum sit magna et exerci dolore magna dignissim. Et takimata labore sanctus eirmod. Rebum clita eros eum dolor elitr ipsum molestie sanctus stet eos sanctus. Duis hendrerit iriure amet duo erat rebum. Sed rebum magna consetetur wisi vero ea accumsan eu.\nLorem ipsum dolor clita diam at diam aliquyam qui nonumy ea sed. Vero diam diam ea vero ullamcorper magna sit voluptua quis eos dolore voluptua lorem sed autem. Sit tation consequat sit elitr duo vero. Ut aliquyam kasd diam ad eirmod dolor amet erat eos takimata et esse consetetur rebum takimata et facilisi. Imperdiet sanctus eirmod at ipsum vero et lobortis consetetur amet. Elitr rebum tempor in sed consequat dolor dolore invidunt ea magna autem dolore amet qui ex sadipscing kasd sadipscing.\nUt eirmod sadipscing dolores lorem at et. Vero duo nonumy ipsum et euismod dignissim no dignissim lorem ullamcorper ut gubergren elitr erat eirmod minim labore dolore. Eirmod sed et justo. Hendrerit quod in. Vero vulputate clita invidunt. Laoreet dolore duis gubergren sed at nulla rebum. Labore justo veniam elitr nostrud sanctus consequat zzril enim lorem stet ut vulputate sea luptatum lorem augue stet. Nonummy feugait et duo sit diam ut in nibh consequat sadipscing. Est feugait sanctus clita rebum et.\nDolore erat sed clita diam dolor. Clita lorem et esse hendrerit rebum ut exerci dolor blandit. Nisl amet sadipscing dolore et kasd invidunt sit veniam et et duo elitr duis.\nClita illum eos exerci stet ea duis eirmod autem amet eos clita ea elitr sed. Nulla dolor quis accusam. Velit et consetetur ipsum diam nobis labore eos erat stet sed lorem ipsum ipsum stet luptatum ea. Velit lorem nulla tincidunt ipsum lorem tempor.\n","publishDate":"2022-05-22T12:43:56.5429434+00:00"},{"id":4,"title":"Book 4","description":"Odio accumsan aliquyam lorem erat eirmod invidunt amet lorem elit dolores no takimata eu sadipscing diam amet. At sanctus diam sit accusam iriure sed. No duo velit ea erat no iriure lor... (set the log level to DEBUG or TRACE to see the full content) 
 </msg>
<msg timestamp="20220525 09:44:02.991" level="INFO">C:\Users\Jaime\AppData\Local\Packages\PythonSoftwareFoundation.Python.3.9_qbz5n2kfra8p0\LocalCache\local-packages\Python39\site-packages\urllib3\connectionpool.py:1043: InsecureRequestWarning: Unverified HTTPS request is being made to host 'fakerestapi.azurewebsites.net'. Adding certificate verification is strongly advised. See: https://urllib3.readthedocs.io/en/1.26.x/advanced-usage.html#ssl-warnings
  warnings.warn(</msg>
<msg timestamp="20220525 09:44:03.009" level="INFO">${RESPOSTA} = &lt;Response [200]&gt;</msg>
<status status="PASS" starttime="20220525 09:43:54.552" endtime="20220525 09:44:03.009"/>
</kw>
<kw name="Log" library="BuiltIn">
<arg>${RESPOSTA.text}</arg>
<doc>Logs the given message with the given level.</doc>
<msg timestamp="20220525 09:44:03.025" level="INFO">[{"id":1,"title":"Book 1","description":"At lorem elitr ut eos et magna eos lorem possim clita sed nulla duis. Vel eirmod est dolore invidunt nisl est vero invidunt ipsum consectetuer. Elitr et eos sit diam et amet ut euismod sadipscing ipsum velit lorem ipsum consectetuer diam. Duis nihil volutpat sed velit invidunt et sanctus sanctus ipsum tincidunt veniam dolore vel ipsum amet nihil. Sed diam et nibh vero clita te nonumy lorem sit ut voluptua sed consetetur eirmod sed dolor autem velit. Sanctus accusam ipsum feugiat et vero. Tempor no commodo stet amet dolore feugiat diam at ex et eos justo sed. Lobortis sanctus ea suscipit justo dolor sed sit eirmod no amet sit in et. Diam diam amet kasd ea justo dignissim vero augue takimata in doming.\n","pageCount":100,"excerpt":"Rebum vulputate tempor et. Eirmod iusto est elitr diam diam stet nonumy ut nisl vero. Luptatum ipsum voluptua ut. Imperdiet magna justo et diam illum lorem. Aliquyam tincidunt dolor labore et eos consetetur sed aliquyam sadipscing magna ad diam stet stet iriure. Tempor lorem in ut eirmod blandit no ipsum ut ipsum vel adipiscing dolor. Diam duo liber blandit. Invidunt elitr tempor et accusam rebum luptatum dolor sadipscing diam et. Sea sit diam erat dolor in invidunt vel sit sit. Amet gubergren velit erat labore vero. Gubergren dolore iriure clita erat lorem vero sit erat. Ipsum ipsum exerci diam. Takimata sed kasd doming ut. Dolor clita vulputate et vero consequat sea magna sea clita.\nEuismod takimata et. Consectetuer dignissim duo sit aliquyam soluta. Diam et tincidunt no ea veniam. Sea eum rebum takimata vel elitr dolor. Et accusam nulla at eos accusam duo qui dolores at vero mazim hendrerit aliquyam tempor suscipit praesent qui.\nDolores et sit dolor feugiat sea magna vero sea adipiscing in facer sit. Sadipscing blandit accumsan ut invidunt volutpat sed sit no iriure accumsan. Et ut clita sed dolor sadipscing euismod sadipscing sed eu eleifend. Eirmod voluptua aliquip et dolore magna elitr est in sit duis aliquyam et eu clita tempor.\nEos dolor autem ipsum dolores consetetur dolore suscipit tation elitr magna sit no consequat. Nonumy vel dolore diam et accusam gubergren ipsum sed sed duo. Justo voluptua takimata clita. Ut invidunt voluptua ea dignissim in eirmod voluptua lorem facilisis hendrerit sit magna diam invidunt aliquip clita stet duis.\nInvidunt aliquyam et hendrerit et enim at. Blandit eu nonumy et ipsum dolore. Amet nulla elitr voluptua diam dolor. Dolores magna aliquip et diam gubergren lorem dolor dolor lobortis aliquip magna eirmod lorem ut quis. Aliquyam sea augue sit magna et praesent no zzril congue labore duo augue diam takimata exerci consequat ea. Nonumy aliquyam eirmod amet suscipit dolor amet duo diam velit voluptua.\n","publishDate":"2022-05-24T12:43:56.5428252+00:00"},{"id":2,"title":"Book 2","description":"Dolor esse sed magna gubergren ipsum suscipit. Ex aliquyam illum rebum eos justo dolores nisl qui nulla voluptua erat aliquyam. Ea stet rebum ut. Sed takimata et dolores in.\n","pageCount":200,"excerpt":"Ex est lorem amet dolor dolor erat. Tempor clita accumsan stet nibh kasd nihil sit. Amet consetetur accusam justo lorem option. Sed stet accusam sit invidunt voluptua tation magna. Consetetur kasd adipiscing suscipit. Dolor invidunt kasd nihil rebum laoreet erat takimata amet erat lorem sadipscing dolor eu lorem suscipit. Ipsum consetetur sadipscing vel sit enim ut at et consetetur feugait et sanctus facilisis duis elitr invidunt sea nonumy. Stet lorem est quis sit diam elitr minim labore vel stet consetetur at rebum.\nSed sanctus nulla rebum aliquyam feugait takimata ex iriure stet sanctus consequat lorem dolor ut voluptua tempor. Illum lorem nonumy lorem ipsum ipsum at voluptua diam aliquip autem accusam. Gubergren duis dolor eirmod elitr feugait duis et justo sed elitr elitr justo lorem autem lorem. Ea eirmod molestie at dolor nulla. Eirmod tation sit sea aliquam accusam rebum. Eros sea sea esse amet qui iriure diam dolor stet sed no sed volutpat et esse tempor duo accumsan. Facilisis kasd dolor duo id iriure wisi in nonumy ipsum sed amet. Accumsan dolor sadipscing facilisis sed ut clita in praesent ut sanctus eros luptatum lorem duis lobortis nonummy stet dolore.\nSed ad erat suscipit labore aliquyam ut duis lorem erat. Augue sea sed diam vero justo dolore sanctus dolore in aliquyam sea clita ea invidunt et. Kasd diam nonumy aliquyam sadipscing dolor dolor amet est erat ut. Ipsum consetetur aliquyam facilisi diam amet consequat dolore lorem kasd kasd justo et accumsan et ea eos. Erat lobortis sed duis duo esse accusam eirmod justo ea augue vero. Gubergren et ut et ipsum eirmod sanctus. Ipsum dolore invidunt voluptua iriure sed amet et justo justo ipsum ea. Zzril elitr diam nihil gubergren accusam elitr. Accusam dolore volutpat eros sit sit. Sed lorem amet voluptua nonummy est lobortis gubergren amet diam ipsum nobis takimata amet clita sit lorem.\nUt amet ullamcorper kasd dolore consequat no quis. Odio est et suscipit amet labore gubergren diam sed eu vel eirmod eos sed. Clita lorem dolor dolor. Nostrud illum dolores minim. Justo eirmod sed eum vel rebum et tincidunt elitr et consequat ex kasd velit. Eirmod ipsum no dolores facilisi accusam dolor diam takimata doming. Nostrud amet in ut wisi dolore elitr vero tempor invidunt no aliquyam lobortis. Dolores accusam facilisis et feugiat sed accusam takimata accusam eos tempor sanctus at magna sit duo gubergren takimata. Clita kasd dolores tation duo sed dolore ullamcorper lorem amet eos eos invidunt minim ea vero. Gubergren magna ipsum quis rebum et et magna nisl stet sanctus molestie amet diam elit ipsum hendrerit illum. Consetetur eum amet vulputate nostrud rebum rebum justo sed clita et dolores in ipsum justo sed euismod rebum rebum. Feugait aliquam sadipscing amet et ipsum stet sit cum consetetur minim et elitr.\nDolore at ipsum liber voluptua diam lorem vel ut consetetur dolores dolore te suscipit dolor. Gubergren ex et dolor voluptua sanctus tation et. Eirmod illum est tempor invidunt et et rebum amet rebum rebum tincidunt feugait et gubergren dolore. No sit soluta aliquyam ea rebum hendrerit blandit vero et est. Consetetur accumsan et takimata diam sed sadipscing tempor et.\n","publishDate":"2022-05-23T12:43:56.5428849+00:00"},{"id":3,"title":"Book 3","description":"Clita invidunt velit nulla rebum sit veniam augue labore kasd aliquam feugait. Sanctus sit et at volutpat sed dolore elitr kasd rebum magna et erat kasd dolores invidunt ut. Eos exerci sanctus diam autem takimata diam vel vero tempor ut sit et. Possim gubergren aliquyam eos diam sit iriure lorem duis ipsum accusam sea et diam aliquyam voluptua. Dolor vero justo exerci erat. Nam dolore justo sea et elitr aliquyam aliquip duo exerci lorem ex te et amet duis dolor. Gubergren iriure suscipit takimata nonumy diam ipsum amet sed rebum lobortis. Voluptua iriure nulla nonummy ipsum elitr ipsum te sanctus elitr in sea elitr clita amet sed ut. Placerat consetetur duo eirmod sed dignissim. Ipsum sed aliquyam in lorem consetetur et sed at lorem zzril ea dolore aliquyam est accusam soluta. Sadipscing tempor sed voluptua nibh at gubergren dolor magna tation clita vero dolor lorem et et quod dolores elit.\n","pageCount":300,"excerpt":"Vero feugiat gubergren ullamcorper aliquip sed eirmod accusam diam amet. Ut sanctus amet accusam doming ullamcorper hendrerit nostrud invidunt magna feugait dolore sit aliquam accusam. Vel exerci aliquip sea eos amet. Dolor eos gubergren elitr consequat option no dolor. Voluptua lorem sit congue dolore stet. Ullamcorper rebum nisl justo magna diam. Duo illum gubergren labore rebum clita diam ipsum dolore diam lorem dolore. Sanctus consequat labore lorem. Dolor wisi no. Duo nulla clita vero no kasd at dolore justo nisl sanctus at sed aliquyam erat sadipscing. Dolore vero nonummy ea. Elit ea lorem diam elitr ipsum rebum est accumsan consequat erat. Consectetuer diam ipsum erat sea sit duo gubergren consetetur lorem sanctus diam. Commodo vero sadipscing. Cum sit magna et exerci dolore magna dignissim. Et takimata labore sanctus eirmod. Rebum clita eros eum dolor elitr ipsum molestie sanctus stet eos sanctus. Duis hendrerit iriure amet duo erat rebum. Sed rebum magna consetetur wisi vero ea accumsan eu.\nLorem ipsum dolor clita diam at diam aliquyam qui nonumy ea sed. Vero diam diam ea vero ullamcorper magna sit voluptua quis eos dolore voluptua lorem sed autem. Sit tation consequat sit elitr duo vero. Ut aliquyam kasd diam ad eirmod dolor amet erat eos takimata et esse consetetur rebum takimata et facilisi. Imperdiet sanctus eirmod at ipsum vero et lobortis consetetur amet. Elitr rebum tempor in sed consequat dolor dolore invidunt ea magna autem dolore amet qui ex sadipscing kasd sadipscing.\nUt eirmod sadipscing dolores lorem at et. Vero duo nonumy ipsum et euismod dignissim no dignissim lorem ullamcorper ut gubergren elitr erat eirmod minim labore dolore. Eirmod sed et justo. Hendrerit quod in. Vero vulputate clita invidunt. Laoreet dolore duis gubergren sed at nulla rebum. Labore justo veniam elitr nostrud sanctus consequat zzril enim lorem stet ut vulputate sea luptatum lorem augue stet. Nonummy feugait et duo sit diam ut in nibh consequat sadipscing. Est feugait sanctus clita rebum et.\nDolore erat sed clita diam dolor. Clita lorem et esse hendrerit rebum ut exerci dolor blandit. Nisl amet sadipscing dolore et kasd invidunt sit veniam et et duo elitr duis.\nClita illum eos exerci stet ea duis eirmod autem amet eos clita ea elitr sed. Nulla dolor quis accusam. Velit et consetetur ipsum diam nobis labore eos erat stet sed lorem ipsum ipsum stet luptatum ea. Velit lorem nulla tincidunt ipsum lorem tempor.\n","publishDate":"2022-05-22T12:43:56.5429434+00:00"},{"id":4,"title":"Book 4","description":"Odio accumsan aliquyam lorem erat eirmod invidunt amet lorem elit dolores no takimata eu sadipscing diam amet. At sanctus diam sit accusam iriure sed. No duo velit ea erat no iriure lorem autem illum voluptua et justo diam lorem. Et gubergren magna ea duo praesent amet dolor kasd duis et kasd diam clita nobis gubergren kasd dolor nonumy. Sanctus dolor dolor amet nonumy elit eleifend vero duo ad gubergren magna eros autem no accusam sit. Elitr diam dolore iriure kasd duo consequat dolore justo illum justo sea dolore minim dolor nonumy erat. Et duo illum eos takimata ipsum ea. Kasd invidunt esse invidunt vero duo sed tempor ut facer justo at diam elitr sed. Sit sanctus dolore hendrerit lorem ut accusam vero stet.\n","pageCount":400,"excerpt":"Amet te labore consetetur dolor et et vulputate diam nonummy. Sit amet et labore et nonumy diam elitr sea dolor iriure augue amet tempor rebum no diam dolore erat. Dolore ullamcorper et et est diam. Dolore est et aliquyam ea labore lorem duis dolor. Dolor takimata ipsum labore et. Nobis amet delenit autem kasd invidunt kasd erat dolor et dolore diam sanctus amet amet lorem diam.\nRebum et elit ut dolor vero dolore suscipit diam sea. Vel magna et et clita gubergren sed sed no vero sanctus dolore nulla et. Esse dolor amet invidunt kasd dolor dolor tempor justo ut sit. Stet eu nibh veniam clita ea labore dolore amet dolore no duis duo autem ipsum nulla rebum. Ipsum lorem ut ut stet at at diam dolores elitr. Ut dolores accusam elitr stet sea eum ipsum duis invidunt clita lorem esse sanctus veniam ut dolor diam. Ut invidunt invidunt sit zzril stet justo clita wisi dolor vero ipsum vero ipsum vero.\nIn ex tempor et consetetur sed eirmod ea sed ea rebum sadipscing amet blandit aliquip nonummy accusam. Eirmod ipsum lorem ea aliquyam. Facer ea nobis veniam amet gubergren ex justo voluptua elitr ipsum accusam amet lorem dolore nonummy et dolore sit. Duis justo eirmod accusam dolor imperdiet dolore lorem labore est gubergren vel option feugait accusam delenit. Dolore dolore tempor amet lorem stet et clita dolor erat erat exerci erat ut. Nonumy tation erat. Ea rebum nonumy ex exerci elitr eos at sit aliquyam dolore. Invidunt aliquip erat stet feugiat ullamcorper. Ipsum nonumy eum consequat. Elitr lorem sed sit est labore sit tincidunt ipsum. Qui vero accumsan vel dolor clita.\nTincidunt tation et ea sit lorem esse consetetur sanctus. Dolore amet sit et diam suscipit takimata eirmod eu lorem nibh ipsum vero. Stet praesent clita et dolor adipiscing lobortis zzril eos doming et kasd justo dolor rebum facilisis. Duo at gubergren sit. Dolor suscipit vero justo dolor sea magna. Rebum nonummy eos lorem stet kasd delenit. Elit sea elit enim no volutpat vero erat aliquyam et ipsum sit nostrud aliquyam duis ipsum et. Congue kasd kasd sanctus consequat vel et et doming duis nulla adipiscing diam vel. Tempor esse sadipscing dolor dolor rebum dolor. Vel invidunt consetetur sit vero et erat duo vero voluptua elitr magna nulla sanctus eu rebum. Nulla clita imperdiet et veniam invidunt eos. Consequat diam eos amet sit eum sea. Dolores esse dolore option stet dolore at lorem diam voluptua ipsum amet accusam tempor accumsan duis sed ipsum invidunt. Eros elitr sit tincidunt nonumy dolores in erat ipsum takimata sed lorem sit sit. No sit diam rebum ipsum sadipscing ipsum ea vel dolor. Ut labore stet sea et dolore clita et sit et. Ipsum diam et eirmod sed rebum takimata dolores et nostrud minim ipsum takimata accusam dolor. Et dolore erat nulla et et quod accusam at.\nSed at nonumy autem sed dolor aliquyam clita sed eos dolore no. Dolore no erat et kasd amet rebum ipsum sadipscing ut eos labore ut consetetur dolor. Dolore kasd in sit zzril diam iriure at.\n","publishDate":"2022-05-21T12:43:56.5430098+00:00"},{"id":5,"title":"Book 5","description":"Ut invidunt ea magna voluptua aliquam aliquip autem dolore consetetur duo ipsum no. In tempor eirmod aliquam nulla eirmod volutpat te stet duo voluptua ipsum hendrerit eos. Dolore clita dolor ut te. Odio duis quis eirmod doming esse sed erat sed dolores sit sit iriure elitr sit sed dolor eum. Et at diam magna accusam diam feugiat invidunt diam consetetur te sed labore hendrerit. Nonumy zzril rebum ad voluptua amet et et et sanctus iusto sed sed qui et sed accusam commodo. Consetetur ea laoreet dolores ea no aliquyam vulputate luptatum sea lorem elitr justo ea ut dolor consequat. Sea amet molestie labore vero justo takimata vel mazim ad vulputate rebum eu stet invidunt stet invidunt magna. Molestie aliquyam voluptua sed vero dolores diam sed sed. Sadipscing tincidunt doming invidunt.\n","pageCount":500,"excerpt":"Sed elitr dolor et at tincidunt. Feugait labore sed sit dignissim et duo justo no voluptua diam dolores ea dolor praesent ut. Clita dolore lobortis et lorem et clita ea. Duis no ut consetetur et aliquyam no wisi. Diam ipsum eros ut doming elit accusam consequat vel sit ipsum eos ut. Et labore gubergren dolores dolores magna elitr option ipsum enim illum suscipit. Vel justo elitr et ea facer no eos kasd ut at esse aliquyam. Amet dolor lorem eos vero consequat vero tation consequat soluta magna. Et molestie tempor facilisis accusam stet amet qui lorem autem accusam sea. Et est eos ut consetetur at diam vero amet imperdiet no suscipit no ut dolore exerci.\nConsequat at augue amet diam duo voluptua lorem nonumy est sit diam elit. Lorem invidunt te. Kasd stet rebum autem diam exerci vero lorem gubergren vero dolores duis. Consetetur diam eos iusto magna erat et sit labore ipsum duo. Ipsum sit hendrerit dolore no dolore gubergren dolor commodo sanctus voluptua sit lobortis lorem dolor vel est et. Eirmod sadipscing invidunt sed lorem duo amet aliquam ipsum. Ipsum et nonummy hendrerit laoreet. Est veniam tempor invidunt sed amet tempor eirmod sit facilisi duis sit lorem accusam nihil qui nostrud dolor iriure. Takimata esse sed takimata amet sed molestie ea dolor rebum erat dolore et magna option no dolor invidunt. Lorem magna ut kasd dolore clita soluta velit et sea. Takimata magna nonumy aliquyam possim magna stet dolores takimata no sit euismod assum labore duo accumsan no elitr in. Dolores vel eos lorem rebum at ea diam takimata. Diam luptatum ex mazim et sit eirmod sed dolor dolor in invidunt sed elit. Lorem diam rebum clita ut hendrerit. Nulla lorem qui eleifend elitr eirmod dolore magna erat accusam placerat eirmod elitr lorem dolor. Et sadipscing feugait enim ea at quod ut dolor magna et duis esse vero no no nibh. Tempor et no.\nTakimata consequat consetetur nibh sanctus eros erat gubergren et sea sea et adipiscing feugiat justo at velit. Magna ipsum dolor duo. Et dolor consequat ut no et in lorem lorem elitr ut magna et nostrud iriure soluta nihil diam et.\nAliquyam te rebum sit sea et takimata gubergren dolore at aliquyam eos. Sit sea vero. Eos aliquyam justo. Dolore sit no erat elit veniam gubergren amet at consetetur dolor voluptua. Dignissim takimata amet accumsan dolore erat ea eirmod sed duo vulputate at no. Stet et ipsum dolores eu lobortis erat sanctus in ipsum gubergren feugiat amet ut aliquyam. Sanctus ipsum sed nibh eirmod sadipscing. Eum facilisi est et in rebum stet eirmod eos et tempor autem stet in iriure vulputate no tation. Autem ipsum diam euismod takimata lorem. Blandit velit labore dolore erat. Facer sea et clita erat dolore sea sed invidunt kasd amet duis duis sed at et et diam. Sit rebum accusam erat dolor lorem clita erat.\nDolor sed consetetur justo blandit vero stet ad. Takimata ipsum elitr facilisis. Lorem vel eu vulputate sed dolores gubergren amet sanctus aliquyam labore eirmod diam gubergren hendrerit. Esse justo dolores aliquyam consectetuer magna erat et dolor nulla stet ipsum sit labore. Tation accusam magna at. In ad nonumy quod. Gubergren eos nonumy wisi invidunt at autem dolor et vero dolor tempor lorem.\n","publishDate":"2022-05-20T12:43:56.5430912+00:00"},{"id":6,"title":"Book 6","description":"Sanctus et dolore ea imperdiet dolor dolore at kasd. Lobortis hendrerit elitr ut adipiscing ipsum ea labore labore et te tempor elitr. Invidunt dolore ea et. Ut stet magna sanctus sea. Amet dolore dolor ut justo vero dolore ipsum at aliquyam ea. Dolore rebum sed et kasd ea. Invidunt invidunt ex exerci et gubergren imperdiet dolore. Consetetur ut sed vel stet dolore lorem dolore. Eirmod dolore diam delenit stet labore aliquyam sed. Amet est amet. Aliquyam diam magna diam rebum. Labore lorem hendrerit commodo stet nulla est velit duis ipsum eos gubergren lorem ea eirmod ipsum. Diam sea velit tempor consetetur lorem tation duo rebum eu ea stet diam augue et. Amet ut esse elitr justo nihil tempor sanctus sed wisi. Amet lorem eos sit adipiscing ut sanctus voluptua labore dolore eos eos amet consetetur sea sadipscing suscipit no aliquyam. Dolores rebum est minim nulla. Vero diam sed justo kasd. Ipsum et aliquam magna et gubergren diam feugait illum takimata velit option duis kasd vero sit wisi. Illum rebum takimata justo eirmod amet mazim est aliquip takimata facilisis tation doming amet.\n","pageCount":600,"excerpt":"Justo ipsum adipiscing ipsum justo. Ut clita nostrud stet gubergren stet elitr ex suscipit delenit sed et et eirmod consectetuer dolor ullamcorper. Dolore et no diam dolor et amet ad tation diam et clita no. Praesent et tempor nulla. Amet voluptua consetetur hendrerit ut aliquam vel takimata duis eu dolore labore liber sanctus dolore ipsum nonumy nonumy. Minim diam clita accusam eirmod dignissim at erat justo sit takimata ipsum tation justo sed est. Nonumy dolores consectetuer sed facilisis praesent qui mazim. Clita enim exerci vero nonumy dolore elit in rebum.\nNonumy et te diam et nihil sadipscing est elitr ut ad duo vel diam qui. Eirmod takimata ea dolor sadipscing rebum et ipsum lorem sit in tincidunt ea nulla ipsum autem eu sadipscing. Vero tincidunt sadipscing sea sit ipsum est amet takimata et in dolor accusam est lorem vulputate et. Ut nulla accusam. Est praesent justo feugait duo sanctus nulla minim ut commodo magna invidunt elitr sea nonumy gubergren soluta. Ad et et amet ut ex et lorem cum dolores. Erat et et elit. Accusam eirmod est nulla magna dolore facilisis vero. Nisl nulla labore consequat amet ut diam dolore consetetur enim aliquyam accusam aliquam at consetetur no sea laoreet kasd. Dolor consetetur magna consetetur velit. Voluptua sed ut consequat. Dolore sit nonumy dolores dolor erat lorem voluptua diam et illum ad. Diam amet erat commodo gubergren sea ipsum aliquam velit rebum nonummy rebum aliquyam stet elitr option exerci et et. Clita vel takimata at et ipsum nonumy dolores diam sed sadipscing lorem sadipscing voluptua.\nClita gubergren ea dolore. Tempor dolore nulla sed accusam dolor sit sanctus dolor. Wisi ipsum amet no stet adipiscing est accumsan facilisis magna ipsum dolor est. Invidunt eirmod lorem exerci nonumy consetetur no stet sadipscing eirmod diam dolor vel ipsum diam sed eu sit lorem. Nam exerci sit dolore sea augue esse. Eum ut justo dolore ea diam ipsum lorem. Erat autem tempor invidunt. Elitr lorem nonumy at amet dolor vel ea voluptua diam ipsum sit facilisis. Vero et labore lorem ea takimata. Labore amet magna sanctus lorem. Rebum et vulputate sanctus tempor ullamcorper dolore nulla sanctus ea odio erat stet erat id. Illum diam ut sit eos feugait ipsum sit voluptua ea no dolore. Et est aliquam eirmod iriure invidunt lorem. Kasd ipsum amet augue augue accumsan duo justo consetetur at ut sed feugait duo eos lorem congue aliquip. Voluptua elit magna at diam ut elitr magna amet clita ut kasd justo at et. Accusam delenit sit lorem est dolore et est sit ipsum. At takimata hendrerit consetetur et facilisis veniam nonumy rebum dolore stet ex euismod congue diam.\nErat augue ipsum dolore. Labore ea eum ex hendrerit velit rebum veniam. Lorem accusam ipsum vero in elitr. Dolor eum ipsum in et takimata sit exerci. No esse amet iusto vel invidunt commodo amet sadipscing eleifend consetetur duo sanctus ipsum sadipscing. Kasd euismod euismod sit ullamcorper est sed. Dolor tempor ipsum dolor erat erat ut eirmod luptatum duis et molestie duo ipsum gubergren lorem stet duo.\nDolore diam takimata no ipsum sanctus et no tempor sea erat elitr. Nonummy facilisis dolor voluptua et diam sadipscing diam nonumy duis lorem ut sea vel. Kasd magna kasd laoreet. Erat diam ipsum invidunt nonumy elitr et ut dolores labore amet dolore vero. Gubergren autem tempor facilisis esse magna. Amet sed consetetur ipsum nihil no aliquyam sit justo iriure justo diam delenit magna. Et dolore dolores kasd sea gubergren invidunt vel ad sea invidunt et vero dolores elitr stet ipsum. Sed dolores dolor praesent diam stet eirmod exerci illum. Accumsan sit diam dolore amet dolore velit takimata facilisis. Magna sed sanctus autem diam vero voluptua voluptua stet. Consetetur labore consequat velit dolor justo sanctus sit elitr amet dignissim nonummy magna autem tation duo. Eirmod nostrud dolore erat ipsum luptatum diam rebum diam voluptua. Dolores dolor voluptua amet invidunt diam sit ipsum amet amet. Consetetur lorem te in tempor sadipscing ipsum dolor ut nihil sadipscing dolores elitr cum autem nisl congue. Duo dolore feugiat in sit ullamcorper clita accusam accusam.\n","publishDate":"2022-05-19T12:43:56.5431937+00:00"},{"id":7,"title":"Book 7","description":"Illum aliquyam takimata rebum tempor nulla cum vel erat eirmod. Adipiscing dolore dolore dolore vero sadipscing dolores. Dolore ipsum consectetuer dolor facilisis et.\n","pageCount":700,"excerpt":"Clita sea amet illum consetetur ea in ipsum ea consequat amet qui lorem diam stet blandit dolores labore vel. Sed option hendrerit tempor dolor diam elitr sadipscing ut lorem et nisl stet invidunt ipsum. Magna nisl sed sit dolore. Dignissim sit magna sed gubergren dolore nulla praesent. Gubergren sit gubergren. Sadipscing dolores velit nam amet ipsum hendrerit. Laoreet eirmod amet diam ipsum tempor invidunt nonummy vero amet lobortis.\nInvidunt est at illum aliquyam nam duis eirmod at vero autem dolores est at. Ipsum amet at ut clita kasd iriure clita eirmod elitr sadipscing tation ipsum ut diam sed et est. Et tempor lorem magna.\nQuod rebum nulla minim dolore et vero. Sanctus et mazim clita hendrerit vero imperdiet invidunt lorem lorem assum dolore. Accusam lorem eleifend amet tempor magna duo et. Sanctus zzril no nulla lorem placerat at. Nisl sanctus sadipscing sed nulla gubergren iriure sed dolores hendrerit imperdiet consetetur consectetuer sed. Vel dolores adipiscing est ipsum et stet et et dolore vero sed dolore. Voluptua erat no aliquyam dolore et et id sit clita ut magna lorem eum facer eu diam consetetur magna.\nLabore nibh tincidunt. Clita duis mazim rebum gubergren ipsum dolor et placerat. At labore accusam sed dolor sea in veniam.\nEt euismod sea eos voluptua et duis dolore gubergren vel erat takimata quis autem et eirmod et stet. Stet justo ipsum ipsum ipsum dolor et lorem erat est eirmod nonumy vel ut elitr et sit lorem. Duo amet sed ea te duis sed et nibh ut dolore aliquyam erat diam. Ipsum et dolores clita gubergren dolor tempor consetetur dolores nonumy dolor dolore takimata kasd wisi. Suscipit duo consetetur sea accusam sea lorem qui sanctus gubergren et gubergren et kasd blandit dolor sed voluptua exerci. Laoreet et vero lorem eirmod elitr eirmod gubergren takimata aliquyam at sanctus. Wisi consetetur invidunt clita duo sed at sed sanctus ea sanctus enim. Sit no dolores in sadipscing possim et sanctus nisl sit lorem et sed sed praesent minim aliquyam ut. Autem ut duis eos amet. Magna duo sed amet et eos tincidunt voluptua dolor. Accusam duo illum possim et sed gubergren dolor eos consequat odio sit accusam ipsum.\n","publishDate":"2022-05-18T12:43:56.5432338+00:00"},{"id":8,"title":"Book 8","description":"Voluptua duo justo est duo ut eirmod consequat lorem consetetur molestie dolor kasd. Amet gubergren erat nam accusam consetetur duo sed odio eos tempor nulla accusam ea. Sit ut facilisi feugait voluptua rebum ut invidunt lorem. Justo wisi invidunt ipsum justo ea sed et. Qui tempor clita consectetuer ipsum voluptua stet sea. Elitr et takimata nonumy amet duo sanctus elitr duis nulla nonumy labore quis diam delenit. At elitr sed. Nonummy no vel sanctus ipsum sed aliquip magna kasd diam vulputate kasd et no amet nulla. Sanctus aliquyam eirmod et takimata takimata ea diam wisi eum ipsum adipiscing invidunt sadipscing. Sit dolor invidunt no nonummy dolores dolore. At rebum nonummy enim lorem erat et lorem ut elitr lobortis sed. Sed facilisis magna molestie hendrerit et no dolor amet. Amet clita praesent lorem assum duo duo et elitr in stet consetetur placerat sanctus dolor volutpat magna ut dolore. Duo diam aliquyam nonumy tempor dolor sanctus kasd nibh magna dolores no aliquyam vulputate. Eirmod ipsum facilisis dolore et voluptua sed no tempor eleifend erat.\n","pageCount":800,"excerpt":"Labore eos est voluptua dolor consectetuer facilisi amet hendrerit minim sadipscing et erat. Laoreet lorem nibh invidunt ipsum nisl aliquam et te lorem tempor commodo at sea erat clita. Volutpat lorem commodo volutpat kasd est diam amet iusto invidunt. Erat dolore elitr dolores dolore sit duis iriure dignissim luptatum accumsan ea et stet invidunt. Odio dolor gubergren est dolore ut elitr diam eu et.\nAt duo est invidunt invidunt ipsum volutpat clita duo et in ipsum elitr nulla euismod aliquyam diam dolores sed. Blandit lorem autem tempor duo. Assum ipsum no sit zzril est ipsum blandit eos et aliquyam esse eos amet blandit invidunt. Nihil qui voluptua amet illum amet nonumy eu.\nSanctus lorem voluptua voluptua magna erat luptatum elit duis. Eos amet lorem ut ea. Sanctus sit in no kasd. Delenit at sit amet lobortis diam ea eum rebum clita erat est amet ipsum ullamcorper. Augue magna labore. Et consequat voluptua lorem diam lorem et diam aliquip invidunt. Veniam dolor elitr dolor sed kasd. Eos aliquyam consetetur sanctus nibh gubergren duo ipsum labore et est ea ut. Nibh et no. Accumsan ipsum exerci dolore amet diam gubergren congue sed nulla feugiat amet hendrerit nisl clita. Et gubergren dignissim no ipsum ex laoreet ipsum eirmod stet labore volutpat dolor eos. Elitr invidunt erat sit hendrerit invidunt. Amet magna kasd kasd sit feugait et vero.\nJusto no tempor dolore sed consequat. Eirmod nulla dolor accumsan nonumy lorem. Sadipscing et at. Rebum dolor wisi lorem diam aliquam. Eum sed kasd rebum sed ipsum aliquyam vero euismod sed lorem stet et sed delenit nulla dolor dolor tempor. Ut consetetur aliquyam accusam ea consetetur labore. In no magna lorem. Labore nulla eros nonumy. Euismod justo et ipsum ipsum invidunt ipsum.\nDolore et lorem. Voluptua eu euismod rebum et takimata sit amet commodo magna lorem nostrud. Sanctus tincidunt dolore amet et ut. Amet tempor consetetur diam magna sanctus in. Tincidunt est gubergren sed feugait duo dolore magna amet sed molestie nostrud diam dolor. Nulla vulputate dolores et eos ea ipsum amet nonummy accusam soluta eos. Erat tempor lobortis labore takimata zzril. Diam et nonummy ea sed at justo elitr iusto stet nulla veniam gubergren diam gubergren sea sed suscipit. Feugait ea amet at et amet aliquyam ad gubergren sed. Esse dolor ipsum illum duo at ipsum suscipit tempor amet rebum elitr quis zzril clita vel tincidunt sit. Stet possim elitr soluta ipsum. Magna kasd duo tempor accusam no eu at erat ipsum ipsum sea diam. Aliquyam voluptua vel. No est feugiat nihil gubergren dolor hendrerit at kasd et diam sit kasd. Sit justo lorem diam justo ut at. In ut quis aliquyam dolore et at dolor facilisis. Takimata et aliquam esse dolores eos et. Magna amet sed nonumy.\n","publishDate":"2022-05-17T12:43:56.5433026+00:00"},{"id":9,"title":"Book 9","description":"Et est consequat tempor veniam ipsum. Stet amet rebum tempor sea erat elitr minim takimata invidunt tincidunt sit et esse laoreet dolor accusam invidunt et. Facilisis sed consetetur aliquam diam. Molestie aliquyam elitr sit nonumy sea labore eirmod amet. Rebum accusam amet amet labore sadipscing. Aliquyam ad eirmod. Wisi sea eum aliquip accusam. Justo nostrud et labore quod est nulla. Sanctus dolore ut feugiat eu ipsum tincidunt rebum ipsum nostrud diam ad luptatum et et. Sanctus ut diam odio ea justo sit gubergren enim vero lorem possim stet dolor dolores rebum sit vulputate. Magna ea nonumy ea lorem sed eros. Labore duis lorem labore no voluptua rebum vero dolor dolor accusam justo quis et. Kasd euismod dolor nulla. Dolore feugait accusam luptatum dolores vulputate kasd. Ut et sadipscing eos dolor justo takimata possim sed gubergren amet vulputate no esse vulputate consectetuer nobis. Accusam lorem nonumy ad dolor lorem amet vero elitr autem nonumy eos dolore ea et et ad accusam. Amet congue consetetur esse molestie amet eos adipiscing dignissim. Sadipscing takimata amet gubergren diam iriure dolor esse dolor stet. Eu sit vel dolore erat tempor et accusam tempor euismod est.\n","pageCount":900,"excerpt":"Duo tempor dolore et suscipit consetetur erat eu ad eirmod magna. Consetetur sanctus dolores et dolor cum dolor et diam vulputate kasd nisl facilisi eirmod dolor illum. Facilisi consetetur clita sanctus. Erat diam suscipit magna blandit lobortis ipsum duo lorem eros dolore amet clita ea elit diam dolores clita. Ad nostrud blandit in voluptua tincidunt mazim sit duo ut. Kasd clita sea et autem at duo dolor ad exerci sed luptatum feugiat no at magna rebum dolores. Dolor nonumy dolor clita lorem lorem dolores takimata dolor et facilisi sanctus diam takimata suscipit stet et.\nNostrud tempor feugiat et sanctus aliquam ipsum dolores consetetur duo sed amet at. Et clita diam dolore. Congue vel soluta ea dolor stet ipsum. Dolore esse et tincidunt eos vero assum nulla feugiat diam ipsum dolor accumsan dolores accusam. Diam ut dolore. Diam erat takimata. Vel eirmod et gubergren delenit adipiscing dolor vel dolores eirmod at cum. Amet quod ea vero accusam dolores sed stet. Et at diam eu voluptua est ex minim est magna rebum magna nisl vero kasd ipsum et ut. Dignissim rebum et aliquam et zzril. Possim sit erat voluptua stet aliquam sed consetetur tempor dolores et ea sea. Feugiat at at ea accusam nisl et ea iusto justo ipsum laoreet lobortis dolore sadipscing ipsum possim ipsum duo. Eirmod dolor vero consectetuer dolor elitr diam et gubergren stet rebum. Eos sadipscing facilisi amet consetetur at vulputate ipsum laoreet vero dolor.\nTempor dolor hendrerit eos aliquip rebum hendrerit veniam eirmod. Consetetur ipsum sadipscing sadipscing. Dolores dignissim dolor magna no. Gubergren duo ea labore voluptua justo sadipscing sanctus vero elitr clita dolor consetetur vulputate sed duis nonummy amet est. Consequat stet vel justo ea ut dignissim et cum labore stet sanctus. Dolor et praesent sit eos assum tincidunt doming aliquyam hendrerit eos dolores invidunt duis elitr at. Ut elitr laoreet. Nonumy facilisis vero vero ipsum. Takimata ad ut justo nisl nostrud tempor at est erat erat te ut stet autem erat. Rebum consequat soluta sit sed eleifend voluptua tation soluta dolore diam ut magna nonumy mazim dolor facer dolor. Sea consequat wisi diam clita erat at sed feugait gubergren sed. Labore augue et adipiscing in nonumy lorem dolor diam dolore nulla hendrerit amet sed. Dolor dolore ea gubergren et rebum elitr ad est erat tincidunt ipsum tempor. Kasd vero lorem feugait autem aliquip consetetur invidunt nobis duo. Aliquyam sed rebum ut dolore accusam justo sit labore invidunt amet at. No dolor dolor eos minim dolor consectetuer sea duo tempor at blandit ea kasd dolor sit dolor eos lorem. Lorem sed kasd labore accusam invidunt. Nonumy eum at ipsum aliquyam dolore diam accusam vero elit voluptua et duo.\nTempor eos est erat. Lobortis accusam lorem ut clita feugiat diam consetetur no consetetur aliquyam erat ut ea dolor velit eirmod eirmod gubergren. Luptatum diam nostrud dolore nulla ut. Vero justo no.\nAliquyam accusam tation minim sit sed lorem voluptua no ut et consetetur voluptua eos suscipit sit in duo dolor. Veniam ut enim ut consequat blandit lorem eos in dolor imperdiet consequat dolor in stet eos et. Tation amet duo ut sit cum euismod nonumy eos clita. Ut nulla consetetur lorem invidunt iusto dolores amet ut takimata id nonumy ut consequat magna. Sed sit sed invidunt sed luptatum minim sea amet eleifend sed et sed eos ipsum nihil elit.\n","publishDate":"2022-05-16T12:43:56.5433835+00:00"},{"id":10,"title":"Book 10","description":"Labore labore consectetuer tincidunt kasd at amet consetetur invidunt sed erat. At et dolor diam exerci eirmod est. Amet iusto veniam sit erat ea diam. Dolore et sed no doming invidunt amet erat justo labore dolor facilisi minim dolore. Sed sed sanctus kasd erat amet sed ipsum diam consetetur sanctus. Eum stet ut sit dolor. Veniam hendrerit tempor sit lorem amet takimata invidunt dolores diam at laoreet. In volutpat sed clita dolor. Aliquyam sanctus lorem suscipit eos sit. Ex at tempor dolor at ea cum et. Tation stet dolor cum et euismod gubergren dolor invidunt est ipsum nonumy gubergren vel ipsum est. Consequat ea sed invidunt consequat. Vel et consequat sanctus ut diam. Tempor dolores labore nibh clita elitr eirmod ea lorem et et erat lorem ipsum. Et facilisi vulputate accusam amet vero ut dolor nonumy kasd. Lorem eirmod est kasd ut justo dolore kasd. Dolore kasd sit eros autem et autem kasd et eirmod justo.\n","pageCount":1000,"excerpt":"Vel vel dolor sed invidunt augue gubergren blandit duo invidunt eos luptatum labore eu consetetur esse adipiscing. Dolores sed tempor nonumy voluptua takimata esse. Soluta nonumy esse sed justo amet. Et facilisi sed kasd sed hendrerit et eos. Et diam dolor stet justo elitr stet. Sanctus et consectetuer magna kasd eu erat rebum sed illum. Consetetur dolor facilisi dolore. Velit id dolor et accusam dolore sed no ullamcorper in dolor takimata consectetuer amet lorem tincidunt. Nisl ut lorem erat dolor blandit vel et in. Diam consetetur lorem ea ut dolores lorem gubergren tempor. Dolore sit eum ea erat dolore diam elitr lorem. Amet sea duo amet eros ipsum hendrerit ea praesent. Ipsum dolores veniam lorem at. Suscipit congue tation et. Eos elit sed tempor sit dolore diam diam diam et sed esse sadipscing consequat sea eu.\nDolor diam kasd rebum. Erat lorem ipsum aliquyam. Magna clita clita consetetur amet option et feugiat blandit no luptatum kasd diam nulla amet commodo magna invidunt esse. Consetetur sadipscing et et nulla diam rebum nam amet sed aliquyam stet nonummy tempor vero. Et rebum consectetuer consequat no. Invidunt sadipscing lorem nostrud sed dolores consequat et doming gubergren ut accusam consetetur ipsum dolore lorem lorem dolor. Sit sea aliquyam ea et amet qui sit sanctus molestie eum. Duis labore magna ipsum erat feugiat sea justo amet vero eirmod amet elitr imperdiet et adipiscing. In lorem doming. Tempor amet lorem rebum ipsum dolor eirmod sea sit sea ipsum autem ut ea takimata accusam feugait. Facilisi gubergren sed diam augue magna. Et et ea eirmod eirmod eirmod ipsum justo aliquyam dolor elitr cum no luptatum ea. Rebum justo stet amet ea iusto vel eos facilisis diam sit ut amet at vero illum diam.\nSadipscing accusam invidunt diam blandit diam sit lorem gubergren tincidunt. Dolor erat aliquam eos et et dolore. Clita ipsum et duo eos eirmod eos commodo nam autem minim accusam et est invidunt eirmod. Nihil dignissim facer sadipscing ea ad diam diam tempor sanctus consequat takimata labore enim. Iriure erat sit amet vel at adipiscing sanctus rebum invidunt justo esse feugiat diam. Amet in nulla lorem eos et justo. Sea euismod elit magna duo accumsan quod diam et liber. Laoreet sit vero blandit et ad. Vel diam odio accusam sit assum voluptua lorem. Ea justo velit sed lorem elitr dolore ullamcorper est eirmod dolore lorem sanctus. Dolores amet ut nulla ut labore rebum ut sanctus vero sit. Adipiscing lorem aliquip at dolor stet dolore sea ipsum sed eirmod amet nibh labore clita commodo veniam consequat praesent. Sit dolore nobis sed in erat accusam et ad kasd rebum lorem diam lorem takimata.\nEst vero vel. Dolore vel stet ipsum magna ipsum id eos ut accusam ipsum odio dignissim et nonummy gubergren ut dolor. Et ut sed luptatum rebum diam et luptatum stet dolore iriure stet et est elitr. Vulputate commodo accusam magna nonumy. Elitr et rebum magna aliquam rebum dolor voluptua dignissim rebum mazim et laoreet lorem aliquyam velit ipsum est accusam. Erat stet duo clita takimata sanctus at no dolor diam dolor no tincidunt lorem consectetuer et sea ea. Et consetetur consectetuer consetetur facilisis et kasd elitr sed. Laoreet clita sit kasd eum eum accusam enim rebum ut ipsum dolores nibh velit consequat labore sed.\nSadipscing vero eirmod et nulla sed iriure dolores ullamcorper autem blandit ullamcorper minim kasd no vero. Sea tempor kasd labore diam sed dolor est no takimata. Accusam blandit lorem amet erat sanctus. Sit vero sit vero iriure gubergren stet lorem ea ut nonumy. Stet tempor diam sed dolores eos sanctus ea ut. Labore aliquyam lorem rebum amet aliquyam dolore. Euismod sed aliquam vulputate labore vel amet ullamcorper consequat euismod consequat clita dolores. Gubergren ut et sadipscing sed sadipscing at qui diam.\n","publishDate":"2022-05-15T12:43:56.5434651+00:00"},{"id":11,"title":"Book 11","description":"Iriure dolore rebum eum aliquip consetetur diam elitr stet sit dignissim sit et eirmod consectetuer justo. Sit mazim eos nulla vero consectetuer erat rebum ad magna sed accusam lorem dolore kasd. Feugiat ea amet at. Sed labore rebum ea amet diam dolore et duis diam duis. Amet diam et. Eum eirmod magna in rebum erat eos augue lorem. Placerat sit rebum ipsum et. Sea no sed in sed kasd tempor dolores ea justo nonumy erat labore invidunt invidunt dolores amet nostrud duo. Nobis dolor dolore sed duo erat dolore est dolor lorem.\n","pageCount":1100,"excerpt":"Praesent gubergren diam. Kasd sadipscing lorem labore aliquam. Ipsum amet accusam. Et sed amet takimata et. In sanctus aliquyam. Ut est nulla vero ut dolores duo diam invidunt nonumy velit vero. Dolore dignissim amet nulla ea et eu kasd duis dolor magna consetetur nonumy lorem sed nihil. Dolore laoreet clita clita dolore tempor tempor eos aliquyam laoreet tation dolor rebum. Et et consequat veniam in dolore congue ipsum. Volutpat ea et. Diam erat magna. Lorem sea lorem labore sanctus eos tempor eirmod illum invidunt invidunt odio et lorem lobortis odio takimata praesent vero. Dolore lorem voluptua elitr vel.\nLiber ea lobortis ea magna sed eos sadipscing erat clita ut. Erat vero diam elitr lorem lorem. Et ipsum sea dolore amet nonumy diam magna sit kasd sed lorem autem lorem et. Rebum vel sed et nibh eos dolore dolore at. Ut sit magna dolor odio dolor wisi nam dolor. Stet duo magna at eos nihil quod ipsum stet at. Dolor elit dolores. Clita dolor tempor et amet elitr aliquam dolor dolor. Et nonumy magna feugiat sit diam dolor amet ea invidunt kasd tempor possim labore at. At ut consectetuer accusam adipiscing lobortis sanctus aliquyam vero nonummy ad feugait et illum praesent voluptua. No clita amet liber invidunt vulputate et. Dolore labore diam clita et et sed elit est sed diam dolor clita rebum justo.\nEirmod diam zzril stet feugiat. Justo laoreet ea nostrud gubergren sit mazim dolores erat ipsum. Clita sadipscing feugiat sit eos et nibh sed justo sit amet et sit dolor accumsan dolores lorem labore. Sanctus dolor eirmod et clita elitr invidunt aliquam justo nam sea et. Lorem dolore te assum. Erat eirmod cum commodo et sed. Takimata at dolore sadipscing clita erat stet gubergren diam dignissim magna facer. Ipsum exerci takimata in elitr sea et nobis veniam aliquam vulputate lorem dolor gubergren magna zzril. Nonumy dolor ut kasd et eos diam dolor magna lorem no et et et tempor dolore accusam dolor ut. Lorem esse sadipscing stet. Esse tempor lorem zzril aliquyam suscipit. Dolor placerat justo clita et esse lorem et eos amet ut illum. Dignissim nulla et eirmod magna dolore justo et duis ea accusam dolore ut elitr eirmod ea te illum. Eos accusam diam invidunt praesent justo augue in justo accusam accusam ut lorem magna consetetur esse stet dolor. In sed kasd clita sit duis eirmod qui eos dolor dolores aliquyam eos aliquyam erat.\nAccusam takimata ut lorem ipsum dolor eirmod. Lorem sea ea consequat dolor eos at clita vulputate sed ut dolor ipsum diam sadipscing erat magna tation. Amet rebum kasd et invidunt at dolor labore dolore sanctus amet dolor justo ea et nonummy. Erat clita et dolor ipsum erat labore. Congue clita ut in lorem consetetur at dolor erat duis elitr ipsum sanctus clita est eos dolores. Et nonumy autem sadipscing hendrerit nobis no eos sit mazim et diam lorem eum autem velit ut. Eleifend et amet no dolor duo ea augue ipsum labore consequat liber sed diam. Sit lorem erat dolor aliquyam. Stet invidunt praesent diam diam.\nUt amet te eos dolore vero diam vero clita dolore magna zzril dolor lorem sed diam feugiat eos. Clita sadipscing magna sed autem et ipsum ipsum amet luptatum no tempor nonumy duo aliquyam duo. Sed accusam justo lobortis stet amet odio lorem accusam nibh magna dolor aliquyam stet placerat ipsum sed eos lorem. Invidunt lorem amet lorem voluptua lorem ad sit eirmod et odio. Commodo takimata at consequat sed gubergren vero elit sit ipsum erat dolor vero aliquip dolor consetetur wisi elitr. Justo diam vero dolore id takimata voluptua et gubergren ipsum. Amet amet feugiat erat sea takimata dignissim consequat est ea eum eirmod. Ipsum diam eirmod aliquyam. Consectetuer et consetetur diam dolor vero lorem diam nulla. Voluptua dolor dolor dolore voluptua voluptua molestie facer voluptua. Consetetur et diam est sadipscing lorem vero vero erat nulla lorem magna ipsum commodo est dolores. Sed ipsum et. Justo feugiat ea est eos tempor lorem. Iriure dolore vel facilisis eos enim ut nulla stet rebum sit invidunt augue minim stet erat molestie. Eu eirmod voluptua ut kasd vero duo autem stet invidunt commodo et diam. Commodo accumsan laoreet duo blandit accusam accusam sadipscing et minim nulla vero sed sadipscing est veniam. Blandit et gubergren vero accusam et ut et sed stet at in lorem ipsum at.\n","publishDate":"2022-05-14T12:43:56.5435532+00:00"},{"id":12,"title":"Book 12","description":"Voluptua invidunt amet ea duo. Et et clita in. Lorem nonumy lorem magna sed. Est amet dolore iusto diam sit aliquyam stet takimata et ipsum laoreet iriure. Et dolores eos nonumy vel ea erat sed. Kasd lorem dolor diam consetetur et sit magna sea elitr diam illum rebum nonumy sadipscing sed autem sit vel. Dolor dolores et eleifend. Accusam no no ut eos at adipiscing eleifend sea velit eos sadipscing et sed dolores eros et. Aliquip magna sanctus eos takimata aliquyam takimata sit dolor et lorem amet diam invidunt eos labore et justo qui. Aliquyam et gubergren nobis illum diam aliquam dolore dolore diam clita. Est ut at diam takimata stet ipsum duo justo et est aliquam amet sed dolore takimata et sadipscing. Amet sea dolores stet. Tempor justo lorem eos et liber amet sanctus elitr nulla labore consetetur. Labore et diam iriure mazim elit sed stet no diam aliquip kasd. Erat ullamcorper sea rebum ipsum lobortis sit aliquyam consetetur praesent. Kasd gubergren ipsum no nam ullamcorper exerci feugait stet voluptua wisi dolor ipsum lorem soluta at. Laoreet sadipscing rebum lorem sadipscing ut voluptua sea takimata magna sanctus vero dolores justo. Odio veniam vero sit lorem aliquyam et no sit at. Dolores duo diam nonumy sanctus nostrud dolor exerci.\n","pageCount":1200,"excerpt":"Sed duis eum justo lorem vero dolore. Nonumy luptatum enim kasd et sit dolore sed autem consetetur et nihil voluptua dolor augue sanctus. Assum elitr invidunt labore velit et et sadipscing. Et in et et ipsum. Justo ea voluptua amet tempor ut consetetur est labore magna sed aliquyam. Diam lorem eu ut sadipscing et augue erat eirmod ea te in eos.\nIn et et suscipit dolor sanctus dolore diam commodo gubergren et lorem suscipit clita eirmod dolor invidunt aliquyam. Lorem id praesent labore clita amet dolores clita. Amet ut amet. Magna sit eirmod erat dolor. Elit no dolore diam magna sea volutpat. Erat aliquyam in takimata erat ut diam et dolore doming duis accusam. Sit facilisis aliquip id praesent dolores sit lorem. Dolores et amet dolor aliquyam feugait lorem. Est dolore eos elitr ea esse nulla. Tempor duo vel nonumy illum vero takimata diam ea ut zzril volutpat ut sea voluptua et invidunt. Ex in option duis dolore. Eirmod ea dolore ipsum lorem congue blandit facilisis. Sit stet iusto amet et vel sea sed clita eirmod nonumy. Ut clita dolore dolore blandit ut duo ut ipsum doming qui. Hendrerit stet clita tempor ipsum sed in vero justo sadipscing dolore accusam kasd amet. Lorem est at justo voluptua eirmod at consequat justo amet duo sit elitr et sed diam.\nVeniam rebum ex dolor elitr nonumy. Molestie rebum molestie erat lorem duo et dolore invidunt diam labore erat laoreet voluptua amet. Ipsum ipsum justo. Et ea est tincidunt est sea takimata sed amet dolores sea vel tempor facilisis ad feugiat ipsum accusam. Voluptua et esse ipsum sit vulputate ipsum in sed sea amet et et takimata ipsum nonumy suscipit. Gubergren sanctus et et labore stet at dolores consequat. Ipsum et elitr. Clita invidunt ipsum stet voluptua erat sed ea id. Ut invidunt diam dolores accusam ad sit nonumy kasd tempor sanctus rebum consetetur sadipscing amet eu lorem amet ipsum. Eum justo no erat eos takimata. Eu odio adipiscing iusto eirmod rebum amet lorem. Kasd accusam sed sea elit et. Et dolore vero sit amet sit nonummy quis stet est et lorem dignissim et.\nLabore gubergren voluptua dignissim rebum sed eirmod sanctus rebum nibh eirmod et iusto. Iusto sadipscing sea ipsum no et sit. Quis vulputate stet ipsum. Tation ea lorem kasd dolor elitr. Et dolor dolor facilisis et amet. Dolor adipiscing eos sed dolore labore eleifend voluptua enim. Zzril nonumy dolor. Diam liber ea ipsum invidunt kasd et sit ipsum sit sed eirmod dolor. Eos et dolore diam in eos diam et at eu. Et diam eirmod dignissim sed gubergren dolor kasd at sea stet sit dolor sanctus aliquyam. Lorem lorem magna et ea ex nobis in ut erat qui accumsan diam gubergren sit et sea voluptua feugiat. Et euismod sed vel esse ad tempor nonumy et sit amet accusam congue et elit augue amet. Velit et vero magna euismod kasd qui ipsum. Dolor elitr eos no clita possim nibh eu et in facer et elitr elitr facilisis consetetur ut. Amet labore takimata vero. Est clita erat invidunt sanctus suscipit voluptua erat dolor et stet praesent sadipscing ipsum.\nAugue amet ipsum. Molestie dolor sadipscing lorem consetetur clita te amet sit esse consetetur. Aliquyam vel nonumy tempor duo aliquyam ipsum ut magna ut. Sit accusam nulla est sea sit est duo. Sanctus dolor sadipscing esse duo eirmod dolor elitr. Takimata ea consetetur takimata. Eos dolore ut gubergren et dolore ea amet gubergren voluptua duo sadipscing. Tation consetetur voluptua sadipscing dolores iusto sea sed veniam facilisis sed et gubergren no et. Dolore erat veniam in dolor exerci et kasd est ad elitr ipsum nulla augue duis. Rebum duo liber ipsum no nonumy dolore. Elit vel veniam gubergren dolores et dolores laoreet ipsum diam no labore eirmod consequat et vero labore stet. Dolore tincidunt at sit eos duis consequat. Amet est dolor at stet labore sit sit dolore et consequat eos ut est ipsum dolore lobortis et. Sit ipsum et diam erat. Odio est sit imperdiet nostrud dolores in te eu lorem aliquyam.\n","publishDate":"2022-05-13T12:43:56.5436456+00:00"},{"id":13,"title":"Book 13","description":"Lorem iusto et dolor diam sea vel sea sea et exerci amet clita diam at. Molestie dolor lorem wisi iusto kasd delenit duo erat accusam elit dolores eirmod nihil ipsum. Ut tempor suscipit sea et dolore facilisi nibh wisi dolore ut praesent ipsum nonumy consetetur et dolor. Clita sit et consetetur dolor lorem doming eirmod diam tempor vero at lorem kasd dolor duo. Consetetur zzril laoreet odio dolores amet at nostrud. Consetetur autem adipiscing eos lorem lorem tation takimata erat sit dolor rebum. Minim stet blandit aliquyam hendrerit quis et amet diam sea ipsum rebum eos nonumy ea clita. Elitr dolor tincidunt consetetur sea sit in. Amet takimata stet vel elit et in invidunt feugiat in ut. At assum duis sit mazim magna consetetur ea kasd ut. Accusam sed et amet.\n","pageCount":1300,"excerpt":"Lorem tempor in augue dolore sed diam adipiscing. Molestie vel diam clita eleifend vel autem tempor. Stet sit et. Accusam justo lorem lorem hendrerit.\nSit et dolore no at eu feugiat sit ut est gubergren et amet vel sea. Duis ipsum diam et sadipscing tempor in no dolor gubergren rebum euismod voluptua sed dolores placerat ea. Te no elitr justo sadipscing eleifend ipsum takimata eirmod zzril sanctus facilisi consequat stet amet tempor invidunt invidunt. Sit et erat diam diam dolor justo est clita amet sit sed nonumy stet dolore amet ipsum consetetur. Consetetur sea accusam. Est suscipit sit eos duo amet vel in aliquyam kasd diam. Sed justo placerat consequat eos sanctus ea nonummy invidunt sea magna eirmod nulla imperdiet clita diam. Vero dolor ipsum dolores facilisis dolor. Consetetur aliquam et eirmod et. Lorem tincidunt dolores lorem clita sit aliquyam lorem tation. Aliquyam kasd dolore accusam et labore in assum eos facilisis eu ut. Sit ipsum nibh nonumy consetetur invidunt amet diam sed nonumy commodo invidunt. Autem labore commodo magna velit ut vulputate nonumy lorem at exerci eum sit lorem et. Voluptua lorem voluptua aliquyam autem dolor accusam.\nElitr voluptua magna diam clita ex invidunt amet et nibh vel ipsum diam tempor aliquyam sit eos sanctus. Dolor nonumy kasd dolore sed iusto ut labore clita ea dolor dolor aliquip cum magna eros laoreet diam nobis. Augue facilisis at eos consetetur molestie duis iriure no kasd. Gubergren aliquyam veniam lorem elitr takimata amet sed. Et sit aliquyam aliquip elit vero lorem et. Wisi lorem feugiat clita in est. Esse sea amet commodo magna vel dolore. Ut aliquyam diam euismod nulla sit voluptua sit dolore dolor ea labore erat amet eos. Diam lorem dolores vero amet nonumy aliquyam feugait.\nTempor esse et erat eu cum labore eos labore ipsum amet. Et et esse feugiat rebum duis vero tincidunt eleifend. Labore ipsum laoreet labore clita no dolore rebum magna dolore et tempor justo diam erat sea imperdiet voluptua. No clita ipsum duis te et aliquip facilisis gubergren est takimata no rebum takimata takimata duis sit sit. Lorem invidunt amet feugait tempor in stet dignissim nostrud sit et vero ut sed consetetur. Takimata et gubergren augue est tempor clita sanctus et accusam et. Nonumy sed amet sadipscing sit invidunt et ea blandit minim in nostrud dolor. Vero lorem nam duo nulla duis sadipscing amet amet sea sea ad voluptua lorem wisi. Eleifend amet dolores labore accusam kasd. Dolore exerci aliquyam eirmod lorem ea duo sea eirmod dolores amet ipsum dolore duo molestie dolor eos. Vel erat autem erat dolor vel. Te duo laoreet dolor quis diam est et dolore elitr et labore amet at et duis est ea. At erat velit cum no tempor ea at consequat consetetur sit sed amet facilisis. Lorem diam accusam diam ut lorem amet nonumy stet magna kasd. Amet et labore sea. Nonumy ea diam justo ut justo ipsum dolore et. Tincidunt erat takimata tempor quis lorem diam.\nConsequat et suscipit lorem ut odio at ipsum sanctus kasd erat et sanctus diam. Eirmod tempor volutpat accusam et sed sed id aliquam diam eos mazim mazim clita nisl ea ipsum vel duo. Et consetetur takimata ut sed kasd quis elitr eos aliquyam eum et. Nulla et lorem. Ut consetetur takimata aliquyam et veniam sadipscing erat esse voluptua vel invidunt labore eleifend accusam. Erat et amet augue sanctus invidunt est ullamcorper sed nonummy sit sea clita et iusto. Sadipscing et gubergren sit tempor tincidunt amet no consectetuer dolor et ea feugiat sed ea. Delenit vero ut eu. Sit ea lorem consetetur voluptua duo consetetur dolores kasd et accusam. Gubergren aliquyam sit et clita diam et accusam imperdiet takimata dolores euismod tempor doming ea. Invidunt no praesent praesent et sit sed sed. Magna clita rebum te sed diam lorem vero dolore nonumy eos nonumy at volutpat takimata. Clita iriure at possim. Dolor est sanctus blandit autem sed iusto ea nisl sit id sit sanctus lobortis vero consectetuer accusam sed invidunt. Consequat nostrud eirmod ut hendrerit.\n","publishDate":"2022-05-12T12:43:56.5437294+00:00"},{"id":14,"title":"Book 14","description":"Justo kasd sit voluptua stet nulla eos hendrerit ullamcorper. Sit ipsum consetetur feugait amet amet sed voluptua ut justo dolores elit. Vero nulla velit labore eum magna. Dolores sadipscing clita molestie in sed molestie illum dolore velit. Aliquyam aliquam et lorem consequat accusam diam eirmod dolore gubergren voluptua est kasd kasd et. Diam voluptua justo lorem ut facilisi tempor vel sea blandit esse rebum aliquyam sanctus dolores. Vulputate dolor vero praesent dolore diam soluta ipsum aliquam te iriure nonumy lorem sadipscing erat hendrerit elitr. Augue dolor amet voluptua amet in lobortis et rebum. Nulla rebum ipsum duis consetetur wisi labore invidunt lorem clita veniam vero aliquyam duis. Accusam nonumy ut et nulla tempor sanctus sed sadipscing justo. Labore no labore duis possim vero facer diam justo takimata eros qui et sadipscing vel takimata. Eos consetetur lorem id nonumy dolore amet nostrud est justo elitr aliquam duo et takimata gubergren. Rebum lorem et aliquyam et et et erat vel sit. Dolor labore et. Ullamcorper ut soluta lorem sadipscing ea minim gubergren dolor erat vel dolor dolore dolore vero zzril iusto iusto eirmod.\n","pageCount":1400,"excerpt":"Tempor et ut voluptua et ea erat facilisi magna te aliquyam. Gubergren ea volutpat. Ea ipsum liber duo ea sit kasd elitr takimata autem dolore consequat sit aliquyam stet clita. Liber at commodo qui. Sed diam consetetur nisl nonumy lorem id dolor eu takimata. Ea in ea accusam elitr gubergren lorem vero et eos et lobortis dolore dolor. Autem no diam dolor eros et duis lorem dolor amet ipsum molestie. Accumsan labore ipsum aliquyam et laoreet justo sit autem invidunt quis kasd sanctus et at. Diam ipsum erat amet aliquyam diam iriure erat stet dolor assum gubergren veniam stet sea et. Et voluptua dolore sit sadipscing est aliquyam consequat ut et lorem eirmod blandit tempor elitr et dolor et est. Vel facilisis augue kasd volutpat dolores aliquyam sed adipiscing labore eos consetetur. Labore doming accumsan amet ut consequat in dolores iriure rebum nonumy ut eos sit sit.\nDolore sea iriure hendrerit dolor et lorem dolore no. Dolore ipsum feugiat dolores sed at in at ut laoreet sit justo et et ut eirmod eum erat et. Diam nonumy est no duo diam erat ea gubergren iusto esse consetetur vero dolor sed velit lorem diam. Vulputate est clita te erat erat duo sed euismod et accusam takimata clita vero dolore dolor sed. Gubergren dolore accusam luptatum rebum feugait est. Duo zzril sanctus molestie nonumy voluptua feugiat ipsum. Elitr minim lorem takimata eleifend clita sed et sanctus nonumy duo dolore illum amet dolor consetetur. Eum vero stet ea consetetur iusto elitr exerci tempor blandit blandit nulla vel sanctus consetetur dignissim. Et erat diam sed elitr laoreet nonummy voluptua clita dolore dolor et stet takimata sanctus. In tempor odio rebum kasd nulla sit vero dolore ullamcorper labore et lorem tempor eos sea. Sed consequat no vel dolor. Ipsum dolore dolore lobortis accusam gubergren. Kasd invidunt sea accusam rebum. Dolore nonumy et stet. Ipsum et dolore labore feugiat ut dolor accusam dolores vero cum. Duo elitr et est duo sed ipsum at est takimata consetetur stet facilisi zzril ut et accusam ea.\nLorem nisl accusam dolores delenit illum dolore ipsum justo lorem vel sit voluptua sit sit tempor est. Vel sit est nonumy sanctus dolore est diam clita invidunt commodo takimata ea sed justo duis. Est ipsum tincidunt nisl augue ipsum dolores iriure. Takimata sed sed sed dolor. Sed praesent lorem dolor justo iusto diam lorem eirmod nulla no lorem justo blandit quis takimata diam sed eum. At magna luptatum diam eleifend aliquyam et erat at dolore dignissim sanctus et eirmod ipsum aliquip dolore aliquyam est. Enim erat laoreet duo eos est. Diam laoreet ipsum. Ullamcorper ipsum quod sanctus sed option. Velit veniam et tempor facilisi dolore ipsum et dolor sed duo amet eirmod clita illum. Clita dolor amet diam at amet aliquyam feugait eos diam eirmod nibh labore et sed enim amet tincidunt facilisi. Ipsum sea voluptua erat nostrud ipsum ipsum amet dolores clita tempor at.\nInvidunt placerat eos exerci dolore diam. Et et id amet aliquip tempor eos dolores duo ipsum duis iusto. No dolor duo vero sit at sit amet dolores. Vero magna amet lorem nulla sit diam sit diam nonummy duo takimata sea nonumy dolore accusam no magna hendrerit.\nEa diam vero at eos tempor amet iriure no tempor. Duo duo amet. Dolore stet sed ullamcorper dolor molestie facilisis blandit amet nihil clita stet dolores et dolor dolor consetetur. Dolor sit nonumy kasd lorem odio voluptua eum voluptua kasd at ut ut praesent ad dolores. No et at at at ea accusam accumsan accumsan vero. Et et kasd dignissim dolores zzril vero eirmod et ut sit. Dolor augue sed sea rebum et sea. Elit augue accusam consequat dolor sed sit lobortis lorem sanctus et. Tempor amet vero dolores elitr wisi ipsum rebum sed lorem tincidunt consetetur ipsum. Ipsum et sit labore. Tempor dolor ut doming sed tempor ipsum dolore sea nobis diam stet diam ut sit eum nulla ut. Clita diam aliquyam ipsum invidunt dolore nonummy lorem eros dolor justo option sit molestie sed exerci dolor sadipscing. Labore dolor et lorem ut dolores et ipsum lorem ut sit lorem et elitr diam consequat. Et eum lorem erat ad vero vel et delenit vero dolor kasd accusam wisi eos. Lorem nonumy sed stet nulla rebum feugait elitr feugiat sit et eum sed lorem. Et luptatum soluta vero dolor autem invidunt rebum erat sed et soluta eu invidunt. Vel labore et erat ipsum dolor et vero takimata sed feugait duo est tempor et nibh nonumy et delenit. Ipsum stet tempor ut et sed kasd sed nisl dolore ipsum.\n","publishDate":"2022-05-11T12:43:56.5438278+00:00"},{"id":15,"title":"Book 15","description":"Dolor nonumy ea euismod vulputate et clita eos labore et dolores. Vero ipsum ipsum ipsum. Consetetur at sed elitr et eu et diam sea voluptua liber sanctus stet sanctus eros clita. Dolor ea gubergren zzril dolor eos. Ex kasd no diam invidunt invidunt amet aliquyam eos sed no stet nulla consequat dolor ea et takimata et. Labore sanctus nulla at justo duo at diam amet diam nulla labore clita lorem luptatum aliquip amet qui ad. Nonumy diam in. Eirmod rebum ut sed kasd erat feugait sea ut takimata et est eirmod autem sadipscing lorem possim te dolores. Takimata takimata est praesent magna erat quod voluptua no consetetur elitr sit sadipscing justo nonummy ea dolor odio. Sit lorem justo nostrud ipsum et dolores eirmod no sea. Sea duo sanctus velit clita et id duo ipsum et. Lorem consetetur lorem amet et illum aliquip dolores stet kasd. Et et dolore gubergren consectetuer et sed amet duis accusam lorem et. Iusto justo in takimata. Exerci no erat et facilisi magna vel. Commodo amet elitr lorem kasd dolores erat sea nulla molestie diam lobortis dolore nonumy et ut. Sit sit accusam sed nonumy dolor.\n","pageCount":1500,"excerpt":"Dolores dolor diam voluptua stet voluptua eos sed sadipscing no. Velit lorem sadipscing volutpat te et at elitr nonumy at ut elitr lorem eum. Lorem sanctus kasd eos dolor dolores dolor labore at accusam labore odio est kasd dolor tempor lorem consetetur. Dolore nonumy lorem laoreet sit blandit ipsum voluptua eos lorem sea eu. Diam dolore no ipsum ipsum eirmod vulputate dolor. Hendrerit enim nulla doming sed rebum et ut eos sit nulla eos sed. Clita sit labore id consetetur justo sea lorem elitr magna option aliquyam gubergren sadipscing lorem.\nSit elitr justo et voluptua eos ipsum liber lorem et lobortis sit amet consetetur justo amet vulputate autem. Erat imperdiet ea diam sea et eirmod eirmod labore diam zzril quod vel lobortis sadipscing no. Erat dolore dolore sed takimata aliquyam dolores dolor clita vero hendrerit est magna laoreet sanctus ullamcorper lorem. Esse quis magna elitr vero voluptua eu ut et accusam amet diam qui eirmod kasd rebum duis in. Ut lorem rebum facilisis possim dolore invidunt sea adipiscing vel lorem mazim dolor erat eros aliquyam invidunt ullamcorper. Dolor facilisi ut ut magna clita. Et voluptua sit aliquyam duis sadipscing dolor labore erat euismod et no gubergren rebum gubergren ipsum sed. Justo amet nulla gubergren rebum laoreet id accumsan ea accusam nobis no. Ut justo no augue facilisis amet elit erat dolor eos et dolores dignissim sit gubergren sanctus consetetur justo autem. Dolor volutpat duo diam sea et. Accusam consequat dolor. Lorem feugiat lorem et. Nam et cum lorem et sit no. Dolore sed nonumy vero aliquyam sed ex. Amet tempor nulla duo gubergren. Ipsum lobortis ipsum elitr lorem vel sanctus eum lorem nibh nam sadipscing. Eos nonumy imperdiet dolores clita sadipscing et velit augue erat et tempor ut magna ipsum aliquyam adipiscing et. Sanctus vel diam minim rebum sea consectetuer eos et sadipscing. Amet accusam takimata et amet clita amet delenit sed.\nSanctus no assum enim dolor dolor dolore tempor assum. Sadipscing sadipscing amet. Et eos delenit et magna nibh minim est nisl eu voluptua accumsan et ipsum magna et wisi eu eirmod. At et sadipscing justo lorem ipsum no at at accusam. Clita molestie amet sadipscing te et nostrud takimata eirmod erat. Amet sit stet erat voluptua.\nClita eirmod labore est sit diam sit ut at takimata amet kasd tempor dolores diam et sadipscing luptatum. Est consetetur ut diam. Duo sed rebum no vero at ut accusam wisi dolores clita tation laoreet vel.\nEa diam ipsum facilisi dolor. Takimata nibh vel nam duo autem aliquyam tincidunt facer sit stet. Consetetur aliquyam ut consequat option et aliquyam takimata accusam et lorem invidunt sea stet elitr. Luptatum takimata in vero. Sadipscing duo stet diam vel kasd justo erat takimata ipsum eum cum amet elitr wisi et lorem takimata dolor. Sit clita invidunt eos ea molestie aliquyam amet gubergren amet magna aliquyam aliquyam eos no et accusam est aliquam. Sanctus ut dolor dolore est ut consetetur volutpat euismod dolores eum sea. Et labore lobortis sit et. Augue dolor stet accusam diam eros ipsum dolore. Kasd in luptatum hendrerit zzril. Consequat et dolore augue diam sadipscing ea et elitr eirmod eirmod autem kasd ipsum dolores vero sea ea aliquyam. At ipsum diam nostrud diam kasd. Eos diam kasd consetetur illum ipsum consetetur duis. Diam eirmod amet. Stet lorem ea duo. Vel tempor et iriure ipsum diam eu labore tincidunt ea tempor amet duo elit dolores dolore wisi. Accusam rebum nonumy dolor esse justo ut odio in sed duo consetetur at amet dolor sit feugait. Et imperdiet nonumy lorem doming et ut vulputate justo dolore et aliquam nulla.\n","publishDate":"2022-05-10T12:43:56.5439138+00:00"},{"id":16,"title":"Book 16","description":"Consequat esse lorem duo in ipsum exerci euismod tempor illum augue stet augue at ut magna ipsum. Rebum ad tempor clita diam nonumy amet duo lorem. Nonummy ut sed diam justo lorem est gubergren clita dolore hendrerit suscipit sed ipsum.\n","pageCount":1600,"excerpt":"Stet et dolore. Eum commodo magna sadipscing nonumy veniam ipsum magna no erat. Dolor lorem clita ipsum sed amet tempor invidunt dolore aliquyam qui tincidunt esse duo aliquyam. Magna ex sed labore et labore liber ipsum eos. Eirmod sed sit molestie facilisi sed eos tation rebum vero. Zzril odio sit te vero dolor et sit. Erat veniam ipsum sit sadipscing dolore nisl dolore nonummy dignissim et iriure ut vulputate rebum diam feugait sanctus. Eos et dolor sit te sit diam autem vero. Sed lorem lorem ut ipsum ipsum takimata assum justo kasd dolores sea lorem kasd. Accumsan at commodo est sea diam ipsum in at gubergren sanctus velit dolore at tempor ea. Augue consequat et dolore. Elit hendrerit ipsum eos stet ipsum eu. Consequat eos sed dolor at sed stet erat no gubergren dolore adipiscing ut. Sadipscing eos ipsum labore sanctus labore adipiscing duo assum dolor takimata amet augue eos dolores eros tempor sed. Erat vero congue diam tempor. Amet ipsum nisl dolor sit amet te invidunt. Erat et ipsum et nonumy et iriure autem invidunt velit. Lorem ullamcorper lorem sit sit.\nSit tempor dolore eum erat enim amet dolor ipsum in ea sadipscing no sed gubergren in ea labore iriure. Eos eros nonumy sit exerci dolore sea et aliquyam ea enim magna lorem. Vero dolor delenit at eirmod amet dolore sadipscing eos feugiat consequat dolore in stet feugait nonumy tempor. Ipsum takimata lorem tempor erat esse sed in dolore dolores sadipscing dolore ad. Ea vero luptatum vero et lorem et vero feugiat elitr eirmod sadipscing. Enim et dolore. Erat tempor velit sea consetetur sit voluptua. Justo amet ipsum sit minim amet et eu ea odio justo. Diam dolore invidunt sadipscing et sea dolore et. Eos no aliquip tempor duis justo dolor dolore blandit et aliquyam invidunt esse amet amet sed et elitr labore. Eros qui diam accusam praesent eirmod esse nam dolor elitr ea.\nAliquip dolor gubergren diam dolor takimata. Vero dolores elitr option sit diam. Dolore in eos rebum enim sadipscing amet at invidunt. Et invidunt et. Gubergren placerat sanctus n
[...]
kimata ad vero.\nEst diam et voluptua duis et duis dolor erat vero sed aliquyam. Vero kasd ut consetetur sit tempor esse consequat. Vero sanctus tempor aliquyam ut nisl ut voluptua consetetur kasd rebum dolore et takimata illum sit diam gubergren. Vulputate volutpat voluptua amet sea vulputate vero amet quis ad ad sit justo et te in kasd ea. Minim amet gubergren dolore iriure dolor diam dolores dolor luptatum facilisis sanctus clita kasd dolor. At labore sit delenit autem liber no vero nulla et facilisis eirmod tempor ea et tation. Et ea ipsum gubergren praesent erat et dolor voluptua no aliquyam amet stet iusto ipsum elitr erat accusam erat. Eirmod aliquam consetetur aliquyam lorem. Rebum voluptua duo sit hendrerit dolores no sadipscing ut rebum justo dignissim eirmod duo ut dolor sed option. Gubergren sit dolore sed elitr et vero consetetur nihil voluptua et justo ut. Sadipscing qui dolor duo diam iriure nonumy qui takimata et lorem. Et ipsum tempor sed. Kasd dolores wisi lobortis dolor consetetur accusam duo delenit ipsum laoreet vero facilisis. Stet euismod nulla delenit ea no lorem augue vero. Diam ullamcorper tempor nisl lobortis dolor te et dolor aliquyam et amet justo. Wisi option elit aliquyam sed no dolores nisl vero tempor dolor ut ad. Takimata erat dolore illum accusam eos dolor vel tempor takimata volutpat vulputate lorem sed tempor. Accusam et hendrerit nonumy takimata et dolore amet kasd vel sanctus enim est.\nSea congue aliquyam. Nisl clita et eirmod sit aliquyam illum et ipsum dolor lorem. Labore dolore dolor amet erat dolor at sit dolores. Duis ut lorem ut et sanctus dolor amet autem elitr esse dolores in ea et ut kasd ut lorem. Soluta amet nonumy adipiscing diam diam eos vel euismod at amet. Duis labore facilisis labore ut suscipit quod amet no eum dolore justo diam consectetuer. Amet voluptua ad sit at et quod et sed velit cum no odio consetetur diam dolor lorem. Eirmod erat aliquyam at lorem consetetur ipsum te.\n","publishDate":"2021-11-07T12:43:56.5868701+00:00"},{"id":200,"title":"Book 200","description":"Aliquyam et sanctus dolores sanctus sed dolores nonumy sed dolores laoreet ad nonummy takimata. Amet invidunt nibh diam amet et sanctus dolore exerci et clita congue sed diam eos diam vero stet justo. Aliquip nonummy sed kasd diam erat tempor kasd nonummy eu sit eos clita. Nibh voluptua no blandit iriure et nihil amet ipsum velit in sanctus vero stet nulla. Et dolor ea vero et eirmod amet in et aliquyam no invidunt dolor vero rebum ipsum. Aliquyam nibh quod amet diam et no lorem diam ea elitr ut. Hendrerit ipsum duo at magna dolor at aliquam magna accusam ipsum dolor. Takimata velit stet erat at suscipit amet sea dolores nulla magna ut magna justo vero.\n","pageCount":20000,"excerpt":"Amet rebum gubergren erat erat dolor eu tempor. Est diam vero duis sanctus est ipsum sed zzril nonummy amet lobortis. Kasd erat option elitr sadipscing at est justo accumsan amet ea ex. Tempor nonumy erat dolor.\nAccusam rebum diam autem rebum takimata euismod. Kasd ut esse vero et voluptua no vel volutpat at dolore duo facilisis nonumy. Sit diam praesent et duis stet lorem ut feugiat suscipit no tempor sit sed eirmod. Tempor rebum eros eum amet accusam consequat eirmod dolor nulla aliquyam. Duis diam nonumy ut rebum feugait qui possim imperdiet exerci justo aliquam te est takimata lorem esse. Quis et et clita at labore clita aliquip sadipscing kasd ex. Clita labore no nonumy eros diam ad nonumy et no tincidunt lobortis consequat no tempor vel takimata accusam vero. Velit erat duo possim takimata sed ipsum et duo sadipscing invidunt accusam aliquyam diam dolor sea sanctus. Aliquip magna kasd dolor ipsum et suscipit dignissim lorem accumsan in iusto elitr est. Elitr erat nonumy illum adipiscing invidunt diam velit hendrerit rebum nisl et. In consetetur labore voluptua eirmod at lorem ea no et sit elitr amet.\nEirmod dolor zzril ipsum rebum et eros velit duo est dolores dignissim. Erat accusam no takimata consetetur magna sit diam sit consequat lorem volutpat sed at ipsum ipsum enim diam et. Ipsum delenit ipsum lorem eos. Aliquyam ipsum consetetur consequat esse amet clita eos dolores consetetur consetetur. Et eu rebum nonumy dolor dolore tempor elitr. Lorem amet et sit dolor consequat lorem et kasd ipsum et iusto amet dolor. Et sadipscing stet ut veniam sed minim at justo ipsum eum ut sed molestie dolor veniam dolore diam kasd. At amet lorem et dolore delenit invidunt at lobortis consetetur diam nisl. Sit hendrerit ipsum lorem gubergren clita nonumy tation in ea nonumy. Aliquip diam ipsum magna takimata ipsum gubergren at blandit lorem invidunt odio consetetur dolore. Gubergren vero illum. Nulla et diam takimata et takimata euismod takimata minim stet clita lorem consetetur. In soluta zzril iriure adipiscing erat ipsum nisl mazim amet amet et at sit amet sanctus. Et rebum wisi diam magna labore aliquyam et magna nihil wisi ipsum. Sed erat laoreet facilisis eos no. Sit nonummy kasd eirmod invidunt et in labore tempor in et dolor dolor duo.\nBlandit aliquyam aliquam diam veniam aliquip nibh dolor ipsum. Sed est rebum nonumy consetetur ut stet nulla sit tempor nisl vero kasd. Diam euismod sea at no eirmod eirmod iusto amet. Et enim tempor justo vero consetetur magna sadipscing dolores nibh sea consetetur delenit nulla kasd eleifend. Amet amet sit soluta dolor ea dolore esse nulla lorem amet amet amet vero erat gubergren vero vel. Sed nonumy praesent stet amet vel tincidunt et id vero. Nonumy consequat et et kasd vero sanctus dolore eos ea ad sea facilisi at. Voluptua accusam diam euismod sed dolor elitr ea stet justo amet sit et magna.\nDolore dolor soluta ea ex tempor lorem sed dolor eirmod duis kasd et eirmod accusam et takimata nonumy. Justo vulputate molestie no at magna consetetur sed justo ut ipsum erat dolore. Adipiscing voluptua nonummy euismod. Sed id praesent aliquyam. Justo placerat consetetur sit consectetuer lorem nulla sit amet illum ea aliquyam. Elit ea erat elit stet kasd. Clita magna at dolor sea sed nibh. Labore lorem nonumy. Eirmod elitr duis lorem eos ut labore magna suscipit consequat dolore sit at diam. Nulla sit eirmod. Sed vero duis kasd sea sanctus iriure ex. Ipsum consetetur nonumy accumsan et praesent lorem ipsum takimata vero dolore. Erat takimata minim hendrerit consetetur labore at. Dolores et elitr ipsum no. Exerci sea praesent suscipit et hendrerit sanctus enim et ea consequat est qui consectetuer. Dolores magna tation dolor lorem eirmod ad tincidunt in lorem sea et et dolore aliquyam et.\n","publishDate":"2021-11-06T12:43:56.5869981+00:00"}]</msg>
<status status="PASS" starttime="20220525 09:44:03.009" endtime="20220525 09:44:03.049"/>
</kw>
<kw name="Set Test Variable" library="BuiltIn">
<arg>${RESPOSTA}</arg>
<doc>Makes a variable available everywhere within the scope of the current test.</doc>
<msg timestamp="20220525 09:44:03.049" level="INFO">${RESPOSTA} = &lt;Response [200]&gt;</msg>
<status status="PASS" starttime="20220525 09:44:03.049" endtime="20220525 09:44:03.049"/>
</kw>
<status status="PASS" starttime="20220525 09:43:54.552" endtime="20220525 09:44:03.049"/>
</kw>
<kw name="Conferir o status code" library="ResourceAPI">
<arg>200</arg>
<kw name="Should Be Equal As Strings" library="BuiltIn">
<arg>${RESPOSTA.status_code}</arg>
<arg>${STATUS_DESEJADO}</arg>
<doc>Fails if objects are unequal after converting them to strings.</doc>
<msg timestamp="20220525 09:44:03.057" level="INFO">Argument types are:
&lt;class 'int'&gt;
&lt;type 'unicode'&gt;</msg>
<status status="PASS" starttime="20220525 09:44:03.057" endtime="20220525 09:44:03.057"/>
</kw>
<status status="PASS" starttime="20220525 09:44:03.049" endtime="20220525 09:44:03.057"/>
</kw>
<kw name="Conferir o reason" library="ResourceAPI">
<arg>OK</arg>
<kw name="Should Be Equal As Strings" library="BuiltIn">
<arg>${RESPOSTA.reason}</arg>
<arg>${REASON_DESEJADO}</arg>
<doc>Fails if objects are unequal after converting them to strings.</doc>
<status status="PASS" starttime="20220525 09:44:03.065" endtime="20220525 09:44:03.065"/>
</kw>
<status status="PASS" starttime="20220525 09:44:03.065" endtime="20220525 09:44:03.065"/>
</kw>
<kw name="Conferir se retorna uma lista com &quot;200&quot; livros" library="ResourceAPI" sourcename="Conferir se retorna uma lista com &quot;${QTDE_LIVROS}&quot; livros">
<kw name="Length Should Be" library="BuiltIn">
<arg>${RESPOSTA.json()}</arg>
<arg>${QTDE_LIVROS}</arg>
<doc>Verifies that the length of the given item is correct.</doc>
<msg timestamp="20220525 09:44:03.097" level="INFO">Length is 200</msg>
<status status="PASS" starttime="20220525 09:44:03.073" endtime="20220525 09:44:03.097"/>
</kw>
<status status="PASS" starttime="20220525 09:44:03.065" endtime="20220525 09:44:03.105"/>
</kw>
<status status="PASS" starttime="20220525 09:43:54.552" endtime="20220525 09:44:03.137"/>
</test>
<test id="s1-t2" name="Buscar um livro específico">
<kw name="Requisitar o livro &quot;4&quot;" library="ResourceAPI" sourcename="Requisitar o livro &quot;${ID_LIVRO}&quot;">
<kw name="GET On Session" library="RequestsLibrary">
<var>${RESPOSTA}</var>
<arg>FakeAPI</arg>
<arg>/Books/${ID_LIVRO}</arg>
<doc>Sends a GET request on a previously created HTTP Session.</doc>
<msg timestamp="20220525 09:44:03.443" level="INFO">GET Request : url=https://fakerestapi.azurewebsites.net/api/v1/Books/4 
 path_url=/api/v1/Books/4 
 headers={'User-Agent': 'python-requests/2.27.1', 'Accept-Encoding': 'gzip, deflate', 'Accept': '*/*', 'Connection': 'keep-alive'} 
 body=None 
 </msg>
<msg timestamp="20220525 09:44:03.443" level="INFO">GET Response : url=https://fakerestapi.azurewebsites.net/api/v1/Books/4 
 status=200, reason=OK 
 headers={'Transfer-Encoding': 'chunked', 'Content-Type': 'application/json; charset=utf-8; v=1.0', 'Server': 'Kestrel', 'api-supported-versions': '1.0', 'Date': 'Wed, 25 May 2022 12:44:02 GMT'} 
 body={"id":4,"title":"Book 4","description":"Exerci justo et et velit magna lorem wisi. Stet amet tempor aliquyam. Dolor clita ex sanctus duo ut ea justo sit. Accusam et duis et. Clita iriure molestie stet voluptua vel dolor sanctus. Dolore facilisis sanctus lorem et autem tempor dolor no quis tempor est. Duo et illum quod magna vulputate justo. Sanctus eos dolore dolores dignissim dolores feugait invidunt et blandit option. Ad accusam voluptua eos sed nam nulla. Et gubergren aliquyam erat sanctus diam laoreet feugiat ea et dolor elitr.\n","pageCount":400,"excerpt":"Ad et eirmod praesent eirmod diam aliquyam sed laoreet dolor sea ad consectetuer. Consequat invidunt lorem dolor consequat erat stet. Tincidunt diam aliquyam magna assum eirmod erat clita option hendrerit. Et rebum dolores autem ipsum dolor ut et sed sadipscing aliquyam. Eos sit vero vero at elitr sanctus sit lorem. Lorem et et dolor vel vero sed sea takimata.\nElitr est aliquam justo ipsum duis nulla dignissim justo eum et est stet stet volutpat in. Tempor vel consequat dolor amet iusto sed dolore. In luptatum sadipscing no sanctus assum. Autem laoreet nonumy et takimata aliquam rebum ipsum sed odio dolore sea ea duo praesent tempor. Assum sanctus tempor feugait gubergren tempor iriure ullamcorper. Voluptua dolore magna eirmod et. Ea et et dolor feugait dolor amet eirmod et eum vero duis sea sit. Sit feugiat dolor aliquyam kasd et et elitr sanctus tation gubergren sanctus justo takimata. Tation takimata sit eirmod et placerat no et elit feugiat vero erat est dolor sed. Vel sit elitr vero dolore magna labore accumsan qui justo. Et no sea nonumy ipsum et clita feugait no ex dolores aliquyam feugiat iriure. Nonumy justo erat vero erat esse invidunt et. Invidunt sea amet tempor sadipscing ipsum dolore sadipscing lorem et adipiscing accumsan takimata autem et et magna diam. Aliquyam zzril lorem dolores. Erat clita accusam. No ut at diam autem stet at rebum sit sadipscing ipsum eos ea lorem ipsum diam in. Diam magna voluptua feugait lorem erat liber amet assum option dolor nulla nonummy sea et. Esse ut takimata sed voluptua et ut stet consequat dolore qui nulla sanctus. Ut lorem sed ea.\nDuo invidunt invidunt dolor. Voluptua placerat exerci invidunt justo ipsum ut ipsum justo sadipscing. Eirmod sed invidunt ea ea volutpat amet amet dolor et eirmod gubergren vero sit gubergren sit aliquyam vulputate. Hendrerit erat dolore est et ea. Blandit qui dolore duis ullamcorper elit eos sit stet eu clita. No diam ut sit et iriure duo duis laoreet hendrerit labore. Liber dolor at elitr dolore nostrud blandit diam est duo eirmod clita vel ipsum dolor est aliquyam ipsum magna.\nGubergren takimata est est duo labore et elitr et sadipscing. Consetetur sanctus magna sanctus facilisis diam et lorem erat et hendrerit accusam hendrerit option voluptua sadipscing. Est dolor feugiat ut et magna in invidunt eos amet diam sea. Gubergren aliquyam ut kasd est hendrerit feugiat vero accusam zzril. Ipsum erat sea dolor. Et et dolor amet sanctus gubergren tempor est nobis ipsum dolores zzril augue est ipsum sed ut. Tempor hendrerit no sit sed lorem iriure labore ea. Tempor lorem dolore possim esse minim et diam diam hendrerit ut clita wisi. At dolor ut eleifend ipsum voluptua no ut gubergren voluptua sanctus feugiat sit sea velit duo minim. Sea at dolores at ad hendrerit vero. Clita rebum nulla justo gubergren illum erat justo sadipscing at erat delenit consetetur. Te vero ipsum tempor nulla sit.\nQuod stet sed ut dolor hendrerit et. Dolor sed rebum ut aliquyam dolore diam cum vero magna justo magna nobis no suscipit aliquip. Eirmod delenit elit ea dolor sit sit lorem gubergren justo eos no ut lorem elitr diam at. Aliquyam et consequat at at. Kasd ea ipsum amet dolores dolor facilisi et aliquip takimata dolores et diam gubergren velit amet sanctus ea at. Nonumy nonumy consetetur dolor iriure ut odio dolor nonumy eirmod sadipscing erat dolor duo justo suscipit accusam dolor. Amet lorem elit et stet assum sed odio laoreet aliquyam euismod vel volutpat in duo dolore eum eum facilisis.\n","publishDate":"2022-05-21T12:44:02.7586698+00:00"} 
 </msg>
<msg timestamp="20220525 09:44:03.443" level="INFO">C:\Users\Jaime\AppData\Local\Packages\PythonSoftwareFoundation.Python.3.9_qbz5n2kfra8p0\LocalCache\local-packages\Python39\site-packages\urllib3\connectionpool.py:1043: InsecureRequestWarning: Unverified HTTPS request is being made to host 'fakerestapi.azurewebsites.net'. Adding certificate verification is strongly advised. See: https://urllib3.readthedocs.io/en/1.26.x/advanced-usage.html#ssl-warnings
  warnings.warn(</msg>
<msg timestamp="20220525 09:44:03.459" level="INFO">${RESPOSTA} = &lt;Response [200]&gt;</msg>
<status status="PASS" starttime="20220525 09:44:03.180" endtime="20220525 09:44:03.459"/>
</kw>
<kw name="Log" library="BuiltIn">
<arg>${RESPOSTA.text}</arg>
<doc>Logs the given message with the given level.</doc>
<msg timestamp="20220525 09:44:03.459" level="INFO">{"id":4,"title":"Book 4","description":"Exerci justo et et velit magna lorem wisi. Stet amet tempor aliquyam. Dolor clita ex sanctus duo ut ea justo sit. Accusam et duis et. Clita iriure molestie stet voluptua vel dolor sanctus. Dolore facilisis sanctus lorem et autem tempor dolor no quis tempor est. Duo et illum quod magna vulputate justo. Sanctus eos dolore dolores dignissim dolores feugait invidunt et blandit option. Ad accusam voluptua eos sed nam nulla. Et gubergren aliquyam erat sanctus diam laoreet feugiat ea et dolor elitr.\n","pageCount":400,"excerpt":"Ad et eirmod praesent eirmod diam aliquyam sed laoreet dolor sea ad consectetuer. Consequat invidunt lorem dolor consequat erat stet. Tincidunt diam aliquyam magna assum eirmod erat clita option hendrerit. Et rebum dolores autem ipsum dolor ut et sed sadipscing aliquyam. Eos sit vero vero at elitr sanctus sit lorem. Lorem et et dolor vel vero sed sea takimata.\nElitr est aliquam justo ipsum duis nulla dignissim justo eum et est stet stet volutpat in. Tempor vel consequat dolor amet iusto sed dolore. In luptatum sadipscing no sanctus assum. Autem laoreet nonumy et takimata aliquam rebum ipsum sed odio dolore sea ea duo praesent tempor. Assum sanctus tempor feugait gubergren tempor iriure ullamcorper. Voluptua dolore magna eirmod et. Ea et et dolor feugait dolor amet eirmod et eum vero duis sea sit. Sit feugiat dolor aliquyam kasd et et elitr sanctus tation gubergren sanctus justo takimata. Tation takimata sit eirmod et placerat no et elit feugiat vero erat est dolor sed. Vel sit elitr vero dolore magna labore accumsan qui justo. Et no sea nonumy ipsum et clita feugait no ex dolores aliquyam feugiat iriure. Nonumy justo erat vero erat esse invidunt et. Invidunt sea amet tempor sadipscing ipsum dolore sadipscing lorem et adipiscing accumsan takimata autem et et magna diam. Aliquyam zzril lorem dolores. Erat clita accusam. No ut at diam autem stet at rebum sit sadipscing ipsum eos ea lorem ipsum diam in. Diam magna voluptua feugait lorem erat liber amet assum option dolor nulla nonummy sea et. Esse ut takimata sed voluptua et ut stet consequat dolore qui nulla sanctus. Ut lorem sed ea.\nDuo invidunt invidunt dolor. Voluptua placerat exerci invidunt justo ipsum ut ipsum justo sadipscing. Eirmod sed invidunt ea ea volutpat amet amet dolor et eirmod gubergren vero sit gubergren sit aliquyam vulputate. Hendrerit erat dolore est et ea. Blandit qui dolore duis ullamcorper elit eos sit stet eu clita. No diam ut sit et iriure duo duis laoreet hendrerit labore. Liber dolor at elitr dolore nostrud blandit diam est duo eirmod clita vel ipsum dolor est aliquyam ipsum magna.\nGubergren takimata est est duo labore et elitr et sadipscing. Consetetur sanctus magna sanctus facilisis diam et lorem erat et hendrerit accusam hendrerit option voluptua sadipscing. Est dolor feugiat ut et magna in invidunt eos amet diam sea. Gubergren aliquyam ut kasd est hendrerit feugiat vero accusam zzril. Ipsum erat sea dolor. Et et dolor amet sanctus gubergren tempor est nobis ipsum dolores zzril augue est ipsum sed ut. Tempor hendrerit no sit sed lorem iriure labore ea. Tempor lorem dolore possim esse minim et diam diam hendrerit ut clita wisi. At dolor ut eleifend ipsum voluptua no ut gubergren voluptua sanctus feugiat sit sea velit duo minim. Sea at dolores at ad hendrerit vero. Clita rebum nulla justo gubergren illum erat justo sadipscing at erat delenit consetetur. Te vero ipsum tempor nulla sit.\nQuod stet sed ut dolor hendrerit et. Dolor sed rebum ut aliquyam dolore diam cum vero magna justo magna nobis no suscipit aliquip. Eirmod delenit elit ea dolor sit sit lorem gubergren justo eos no ut lorem elitr diam at. Aliquyam et consequat at at. Kasd ea ipsum amet dolores dolor facilisi et aliquip takimata dolores et diam gubergren velit amet sanctus ea at. Nonumy nonumy consetetur dolor iriure ut odio dolor nonumy eirmod sadipscing erat dolor duo justo suscipit accusam dolor. Amet lorem elit et stet assum sed odio laoreet aliquyam euismod vel volutpat in duo dolore eum eum facilisis.\n","publishDate":"2022-05-21T12:44:02.7586698+00:00"}</msg>
<status status="PASS" starttime="20220525 09:44:03.459" endtime="20220525 09:44:03.459"/>
</kw>
<kw name="Set Test Variable" library="BuiltIn">
<arg>${RESPOSTA}</arg>
<doc>Makes a variable available everywhere within the scope of the current test.</doc>
<msg timestamp="20220525 09:44:03.467" level="INFO">${RESPOSTA} = &lt;Response [200]&gt;</msg>
<status status="PASS" starttime="20220525 09:44:03.459" endtime="20220525 09:44:03.467"/>
</kw>
<status status="PASS" starttime="20220525 09:44:03.172" endtime="20220525 09:44:03.467"/>
</kw>
<status status="PASS" starttime="20220525 09:44:03.172" endtime="20220525 09:44:03.467"/>
</test>
<status status="PASS" starttime="20220525 09:43:53.606" endtime="20220525 09:44:03.475"/>
</suite>
<statistics>
<total>
<stat pass="2" fail="0" skip="0">All Tests</stat>
</total>
<tag>
</tag>
<suite>
<stat pass="2" fail="0" skip="0" id="s1" name="testApibooks">testApibooks</stat>
</suite>
</statistics>
<errors>
</errors>
</robot>
